#! /c/Source/iverilog-install/bin/vvp
:ivl_version "12.0 (devel)" "(s20150603-1539-g2693dd32b)";
:ivl_delay_selection "TYPICAL";
:vpi_time_precision - 12;
:vpi_module "E:\code\FPCalculator\tool\iverilog\lib\ivl\system.vpi";
:vpi_module "E:\code\FPCalculator\tool\iverilog\lib\ivl\vhdl_sys.vpi";
:vpi_module "E:\code\FPCalculator\tool\iverilog\lib\ivl\vhdl_textio.vpi";
:vpi_module "E:\code\FPCalculator\tool\iverilog\lib\ivl\v2005_math.vpi";
:vpi_module "E:\code\FPCalculator\tool\iverilog\lib\ivl\va_math.vpi";
S_000002290470d920 .scope module, "tb_fp_div" "tb_fp_div" 2 3;
 .timescale -9 -12;
v0000022904ac0fc0_0 .var "tb_clk", 0 0;
v0000022904ac1880_0 .net "tb_done", 0 0, v0000022904abf0f0_0;  1 drivers
v0000022904ac0660_0 .var "tb_fp_a", 63 0;
v0000022904ac1060_0 .var "tb_fp_b", 63 0;
v0000022904ac0ac0_0 .net "tb_fp_out", 63 0, v0000022904abf370_0;  1 drivers
v0000022904ac19c0_0 .net "tb_invalid", 0 0, v0000022904abebf0_0;  1 drivers
v0000022904ac1ce0_0 .net "tb_overflow", 0 0, v0000022904abe290_0;  1 drivers
v0000022904ac1ba0_0 .var "tb_rst_n", 0 0;
v0000022904ac1560_0 .var "tb_start", 0 0;
v0000022904ac1ec0_0 .net "tb_underflow", 0 0, v0000022904ac17e0_0;  1 drivers
S_00000229047153d0 .scope task, "run_test" "run_test" 2 36, 2 36 0, S_000002290470d920;
 .timescale -9 -12;
v000002290470a420_0 .var "a", 63 0;
v0000022904709020_0 .var "b", 63 0;
v0000022904709200_0 .var "expected", 63 0;
v00000229047092a0_0 .var "test_name", 511 0;
v000002290470a600_0 .var "timeout_counter", 31 0;
E_0000022904704a30 .event posedge, v0000022904abf4b0_0;
TD_tb_fp_div.run_test ;
    %wait E_0000022904704a30;
    %load/vec4 v000002290470a420_0;
    %store/vec4 v0000022904ac0660_0, 0, 64;
    %load/vec4 v0000022904709020_0;
    %store/vec4 v0000022904ac1060_0, 0, 64;
    %pushi/vec4 1, 0, 1;
    %store/vec4 v0000022904ac1560_0, 0, 1;
    %wait E_0000022904704a30;
    %pushi/vec4 0, 0, 1;
    %store/vec4 v0000022904ac1560_0, 0, 1;
    %pushi/vec4 0, 0, 32;
    %store/vec4 v000002290470a600_0, 0, 32;
T_0.0 ;
    %load/vec4 v0000022904ac1880_0;
    %nor/r;
    %flag_set/vec4 9;
    %flag_get/vec4 9;
    %jmp/0 T_0.2, 9;
    %load/vec4 v000002290470a600_0;
    %cmpi/u 200, 0, 32;
    %flag_get/vec4 5;
    %and;
T_0.2;
    %flag_set/vec4 8;
    %jmp/0xz T_0.1, 8;
    %wait E_0000022904704a30;
    %load/vec4 v000002290470a600_0;
    %addi 1, 0, 32;
    %store/vec4 v000002290470a600_0, 0, 32;
    %jmp T_0.0;
T_0.1 ;
    %load/vec4 v000002290470a600_0;
    %cmpi/u 200, 0, 32;
    %flag_inv 5; GE is !LT
    %jmp/0xz  T_0.3, 5;
    %vpi_call 2 60 "$display", "ERROR: %0s. Test timed out!", v00000229047092a0_0 {0 0 0};
    %jmp T_0.4;
T_0.3 ;
    %load/vec4 v0000022904ac0ac0_0;
    %load/vec4 v0000022904709200_0;
    %cmp/e;
    %jmp/0xz  T_0.5, 6;
    %vpi_call 2 65 "$display", "PASS: %-45s. Got=%h (Flags: Ov=%b Un=%b Inv=%b)", v00000229047092a0_0, v0000022904ac0ac0_0, v0000022904ac1ce0_0, v0000022904ac1ec0_0, v0000022904ac19c0_0 {0 0 0};
    %jmp T_0.6;
T_0.5 ;
    %vpi_call 2 68 "$display", "FAIL: %-45s. Expected=%h, Got=%h", v00000229047092a0_0, v0000022904709200_0, v0000022904ac0ac0_0 {0 0 0};
T_0.6 ;
T_0.4 ;
    %pushi/vec4 2, 0, 32;
T_0.7 %dup/vec4;
    %pushi/vec4 0, 0, 32;
    %cmp/s;
    %jmp/1xz T_0.8, 5;
    %jmp/1 T_0.8, 4;
    %pushi/vec4 1, 0, 32;
    %sub;
    %wait E_0000022904704a30;
    %jmp T_0.7;
T_0.8 ;
    %pop/vec4 1;
    %end;
S_00000229046d1620 .scope module, "uut" "fp_div" 2 19, 3 9 0, S_000002290470d920;
 .timescale 0 0;
    .port_info 0 /INPUT 1 "clk";
    .port_info 1 /INPUT 1 "rst_n";
    .port_info 2 /INPUT 1 "start";
    .port_info 3 /INPUT 64 "fp_a";
    .port_info 4 /INPUT 64 "fp_b";
    .port_info 5 /OUTPUT 64 "fp_out";
    .port_info 6 /OUTPUT 1 "done";
    .port_info 7 /OUTPUT 1 "overflow";
    .port_info 8 /OUTPUT 1 "underflow";
    .port_info 9 /OUTPUT 1 "invalid";
P_00000229046d17b0 .param/l "S_DIVIDE" 1 3 48, C4<010>;
P_00000229046d17e8 .param/l "S_DONE" 1 3 52, C4<110>;
P_00000229046d1820 .param/l "S_IDLE" 1 3 46, C4<000>;
P_00000229046d1858 .param/l "S_NORMALIZE" 1 3 49, C4<011>;
P_00000229046d1890 .param/l "S_PACK" 1 3 51, C4<101>;
P_00000229046d18c8 .param/l "S_PREPARE" 1 3 47, C4<001>;
P_00000229046d1900 .param/l "S_ROUND" 1 3 50, C4<100>;
L_0000022904700400 .functor XOR 1, L_0000022904700da0, L_0000022904700a90, C4<0>, C4<0>;
L_0000022904700470 .functor AND 1, L_00000229047002b0, L_0000022904700ef0, C4<1>, C4<1>;
L_0000022904700630 .functor AND 1, L_0000022904700390, L_0000022904700a20, C4<1>, C4<1>;
L_00000229047004e0 .functor OR 1, L_0000022904700470, L_0000022904700630, C4<0>, C4<0>;
L_00000229047007f0 .functor OR 1, L_0000022904700240, L_0000022904700160, C4<0>, C4<0>;
L_0000022904700c50 .functor OR 1, L_00000229047007f0, L_00000229047004e0, C4<0>, C4<0>;
L_0000022904700860 .functor AND 1, L_0000022904700390, L_0000022904b1e040, C4<1>, C4<1>;
L_00000229046e4e40 .functor AND 1, L_0000022904b1d6e0, L_0000022904b1df00, C4<1>, C4<1>;
L_00000229046e4eb0 .functor AND 1, L_00000229046e4e40, L_0000022904b1c920, C4<1>, C4<1>;
L_00000229046e5070 .functor AND 1, L_00000229046e4eb0, L_0000022904700ef0, C4<1>, C4<1>;
L_000002290475d750 .functor OR 1, L_0000022904700860, L_00000229046e5070, C4<0>, C4<0>;
L_000002290475df30 .functor AND 1, L_00000229047002b0, L_0000022904b1db40, C4<1>, C4<1>;
L_000002290475d590 .functor AND 1, L_000002290475df30, L_0000022904b1c560, C4<1>, C4<1>;
L_000002290475d1a0 .functor AND 1, L_0000022904b1c9c0, L_0000022904b1d640, C4<1>, C4<1>;
L_000002290475dbb0 .functor AND 1, L_000002290475d1a0, L_0000022904700a20, C4<1>, C4<1>;
L_000002290475d280 .functor OR 1, L_000002290475d590, L_000002290475dbb0, C4<0>, C4<0>;
L_000002290475de50 .functor OR 1, L_0000022904b1cf60, L_0000022904b1d5a0, C4<0>, C4<0>;
L_000002290475dd70 .functor OR 1, v0000022904abe970_0, v0000022904abe8d0_0, C4<0>, C4<0>;
v0000022904abc140_0 .net *"_ivl_13", 0 0, L_0000022904b1e040;  1 drivers
v0000022904abdfe0_0 .net *"_ivl_15", 0 0, L_0000022904700860;  1 drivers
v0000022904abcfa0_0 .net *"_ivl_17", 0 0, L_0000022904b1d6e0;  1 drivers
v0000022904abd040_0 .net *"_ivl_19", 0 0, L_0000022904b1df00;  1 drivers
v0000022904abd0e0_0 .net *"_ivl_21", 0 0, L_00000229046e4e40;  1 drivers
v0000022904abd180_0 .net *"_ivl_23", 0 0, L_0000022904b1c920;  1 drivers
v0000022904abd220_0 .net *"_ivl_25", 0 0, L_00000229046e4eb0;  1 drivers
v0000022904abc280_0 .net *"_ivl_27", 0 0, L_00000229046e5070;  1 drivers
v0000022904abd2c0_0 .net *"_ivl_3", 0 0, L_0000022904700470;  1 drivers
v0000022904abc3c0_0 .net *"_ivl_31", 0 0, L_0000022904b1db40;  1 drivers
v0000022904abd360_0 .net *"_ivl_33", 0 0, L_000002290475df30;  1 drivers
v0000022904abd400_0 .net *"_ivl_35", 0 0, L_0000022904b1c560;  1 drivers
v0000022904abd4a0_0 .net *"_ivl_37", 0 0, L_000002290475d590;  1 drivers
v0000022904abd540_0 .net *"_ivl_39", 0 0, L_0000022904b1c9c0;  1 drivers
v0000022904abd680_0 .net *"_ivl_41", 0 0, L_0000022904b1d640;  1 drivers
v0000022904abefb0_0 .net *"_ivl_43", 0 0, L_000002290475d1a0;  1 drivers
v0000022904abe510_0 .net *"_ivl_45", 0 0, L_000002290475dbb0;  1 drivers
v0000022904abea10_0 .net *"_ivl_5", 0 0, L_0000022904700630;  1 drivers
v0000022904abf190_0 .net *"_ivl_55", 0 0, L_0000022904b1cf60;  1 drivers
v0000022904abe650_0 .net *"_ivl_57", 0 0, L_0000022904b1d5a0;  1 drivers
v0000022904abf690_0 .net *"_ivl_61", 0 0, L_000002290475dd70;  1 drivers
L_0000022904ac2998 .functor BUFT 1, C4<00011111111111>, C4<0>, C4<0>, C4<0>;
v0000022904abed30_0 .net/2u *"_ivl_62", 13 0, L_0000022904ac2998;  1 drivers
L_0000022904ac29e0 .functor BUFT 1, C4<00000000000000>, C4<0>, C4<0>, C4<0>;
v0000022904abf870_0 .net/2u *"_ivl_64", 13 0, L_0000022904ac29e0;  1 drivers
L_0000022904ac2a28 .functor BUFT 1, C4<00001111111111>, C4<0>, C4<0>, C4<0>;
v0000022904abf730_0 .net/2u *"_ivl_66", 13 0, L_0000022904ac2a28;  1 drivers
v0000022904abf550_0 .net *"_ivl_68", 13 0, L_0000022904b1d140;  1 drivers
v0000022904abfb90_0 .net *"_ivl_70", 13 0, L_0000022904b1c6a0;  1 drivers
v0000022904abf410_0 .net *"_ivl_72", 13 0, L_0000022904b1c880;  1 drivers
v0000022904abf9b0_0 .net *"_ivl_9", 0 0, L_00000229047007f0;  1 drivers
v0000022904abfeb0_0 .net "calc_sign", 0 0, L_0000022904700400;  1 drivers
v0000022904abe3d0_0 .net "check_inf", 0 0, L_000002290475d750;  1 drivers
v0000022904abe5b0_0 .net "check_nan", 0 0, L_0000022904700c50;  1 drivers
v0000022904abfc30_0 .net "check_zero", 0 0, L_000002290475d280;  1 drivers
v0000022904abf4b0_0 .net "clk", 0 0, v0000022904ac0fc0_0;  1 drivers
v0000022904abfa50_0 .var "div_cnt", 5 0;
v0000022904abf7d0_0 .var "divisor_core", 53 0;
v0000022904abf0f0_0 .var "done", 0 0;
v0000022904abfd70_0 .net/s "exp_a", 11 0, L_0000022904ac0200;  1 drivers
v0000022904abf2d0_0 .net/s "exp_b", 11 0, L_0000022904b1c1a0;  1 drivers
v0000022904abe330_0 .net "final_exp_field", 10 0, L_0000022904b1cba0;  1 drivers
v0000022904abf230_0 .net "fp_a", 63 0, v0000022904ac0660_0;  1 drivers
v0000022904abf5f0_0 .net "fp_b", 63 0, v0000022904ac1060_0;  1 drivers
v0000022904abf370_0 .var "fp_out", 63 0;
v0000022904abe6f0_0 .net "fp_out_wire", 63 0, L_0000022904b1c2e0;  1 drivers
v0000022904abebf0_0 .var "invalid", 0 0;
v0000022904abf910_0 .net "is_denorm_a", 0 0, L_0000022904700d30;  1 drivers
v0000022904abe790_0 .net "is_denorm_b", 0 0, L_0000022904700550;  1 drivers
v0000022904abfaf0_0 .net "is_inf_a", 0 0, L_0000022904700390;  1 drivers
v0000022904abeab0_0 .net "is_inf_b", 0 0, L_0000022904700a20;  1 drivers
v0000022904abe470_0 .net "is_invalid_op", 0 0, L_00000229047004e0;  1 drivers
v0000022904abfcd0_0 .net "is_nan_a", 0 0, L_0000022904700240;  1 drivers
v0000022904abff50_0 .net "is_nan_b", 0 0, L_0000022904700160;  1 drivers
v0000022904abedd0_0 .net "is_zero_a", 0 0, L_00000229047002b0;  1 drivers
v0000022904abee70_0 .net "is_zero_b", 0 0, L_0000022904700ef0;  1 drivers
v0000022904abfe10_0 .net "man_a", 52 0, L_0000022904ac1240;  1 drivers
v0000022904abfff0_0 .net "man_b", 52 0, L_0000022904b1cec0;  1 drivers
v0000022904abe290_0 .var "overflow", 0 0;
v0000022904abe150_0 .var "quotient_reg", 55 0;
v0000022904abe1f0_0 .var "remainder_reg", 109 0;
v0000022904abe830_0 .var/s "res_exp", 13 0;
v0000022904abe8d0_0 .var "res_is_inf", 0 0;
v0000022904abe970_0 .var "res_is_nan", 0 0;
v0000022904abeb50_0 .var "res_is_zero", 0 0;
v0000022904abec90_0 .var "res_man", 52 0;
v0000022904abef10_0 .var "res_sign", 0 0;
v0000022904abf050_0 .net "rounder_carry", 0 0, L_0000022904b1c7e0;  1 drivers
v0000022904ac0480_0 .net "rounder_g", 0 0, L_0000022904b1c600;  1 drivers
v0000022904ac0840_0 .net "rounder_mant_in", 52 0, L_0000022904b1ce20;  1 drivers
v0000022904ac1b00_0 .net "rounder_mant_out", 52 0, L_0000022904b1cd80;  1 drivers
v0000022904ac2000_0 .net "rounder_r", 0 0, L_0000022904b1c240;  1 drivers
v0000022904ac1c40_0 .net "rounder_s", 0 0, L_000002290475de50;  1 drivers
v0000022904ac1920_0 .net "rst_n", 0 0, v0000022904ac1ba0_0;  1 drivers
v0000022904ac0b60_0 .net "sign_a", 0 0, L_0000022904700da0;  1 drivers
v0000022904ac12e0_0 .net "sign_b", 0 0, L_0000022904700a90;  1 drivers
v0000022904ac1740_0 .net "start", 0 0, v0000022904ac1560_0;  1 drivers
v0000022904ac0520_0 .var "state", 2 0;
v0000022904ac17e0_0 .var "underflow", 0 0;
E_00000229047050b0/0 .event negedge, v0000022904ac1920_0;
E_00000229047050b0/1 .event posedge, v0000022904abf4b0_0;
E_00000229047050b0 .event/or E_00000229047050b0/0, E_00000229047050b0/1;
L_0000022904b1e040 .reduce/nor L_0000022904700a20;
L_0000022904b1d6e0 .reduce/nor L_0000022904700240;
L_0000022904b1df00 .reduce/nor L_0000022904700390;
L_0000022904b1c920 .reduce/nor L_00000229047002b0;
L_0000022904b1db40 .reduce/nor L_0000022904700ef0;
L_0000022904b1c560 .reduce/nor L_0000022904700160;
L_0000022904b1c9c0 .reduce/nor L_0000022904700390;
L_0000022904b1d640 .reduce/nor L_0000022904700240;
L_0000022904b1ce20 .part v0000022904abe150_0, 3, 53;
L_0000022904b1c600 .part v0000022904abe150_0, 2, 1;
L_0000022904b1c240 .part v0000022904abe150_0, 1, 1;
L_0000022904b1cf60 .part v0000022904abe150_0, 0, 1;
L_0000022904b1d5a0 .reduce/or v0000022904abe1f0_0;
L_0000022904b1d140 .arith/sum 14, v0000022904abe830_0, L_0000022904ac2a28;
L_0000022904b1c6a0 .functor MUXZ 14, L_0000022904b1d140, L_0000022904ac29e0, v0000022904abeb50_0, C4<>;
L_0000022904b1c880 .functor MUXZ 14, L_0000022904b1c6a0, L_0000022904ac2998, L_000002290475dd70, C4<>;
L_0000022904b1cba0 .part L_0000022904b1c880, 0, 11;
L_0000022904b1c420 .part v0000022904abec90_0, 0, 52;
S_00000229046cc860 .scope module, "u_dec_a" "fp_decomposer" 3 33, 4 6 0, S_00000229046d1620;
 .timescale 0 0;
    .port_info 0 /INPUT 64 "fp_in";
    .port_info 1 /OUTPUT 1 "sign";
    .port_info 2 /OUTPUT 12 "exponent";
    .port_info 3 /OUTPUT 53 "mantissa";
    .port_info 4 /OUTPUT 1 "is_nan";
    .port_info 5 /OUTPUT 1 "is_inf";
    .port_info 6 /OUTPUT 1 "is_zero";
    .port_info 7 /OUTPUT 1 "is_denormalized";
P_00000229046c7f20 .param/l "EXP_ALL_ONES" 1 4 26, C4<11111111111>;
P_00000229046c7f58 .param/l "EXP_ALL_ZEROS" 1 4 25, C4<00000000000>;
P_00000229046c7f90 .param/l "EXP_BIAS" 1 4 27, +C4<0001111111111>;
L_00000229047000f0 .functor OR 1, L_0000022904ac1100, L_0000022904ac02a0, C4<0>, C4<0>;
L_0000022904700240 .functor AND 1, L_0000022904ac0a20, L_0000022904ac05c0, C4<1>, C4<1>;
L_0000022904700390 .functor AND 1, L_0000022904ac1d80, L_0000022904ac0de0, C4<1>, C4<1>;
L_00000229047002b0 .functor AND 1, L_0000022904ac0700, L_0000022904ac0de0, C4<1>, C4<1>;
L_0000022904700d30 .functor AND 1, L_0000022904ac0e80, L_0000022904ac1e20, C4<1>, C4<1>;
L_0000022904700da0 .functor BUFZ 1, L_0000022904ac0d40, C4<0>, C4<0>, C4<0>;
L_0000022904ac2170 .functor BUFT 1, C4<11111111111>, C4<0>, C4<0>, C4<0>;
v0000022904709160_0 .net/2u *"_ivl_10", 10 0, L_0000022904ac2170;  1 drivers
v0000022904709520_0 .net *"_ivl_12", 0 0, L_0000022904ac02a0;  1 drivers
L_0000022904ac21b8 .functor BUFT 1, C4<0000000000000000000000000000000000000000000000000000>, C4<0>, C4<0>, C4<0>;
v000002290470a060_0 .net/2u *"_ivl_16", 51 0, L_0000022904ac21b8;  1 drivers
L_0000022904ac2200 .functor BUFT 1, C4<11111111111>, C4<0>, C4<0>, C4<0>;
v0000022904709340_0 .net/2u *"_ivl_20", 10 0, L_0000022904ac2200;  1 drivers
v000002290470a7e0_0 .net *"_ivl_22", 0 0, L_0000022904ac0a20;  1 drivers
v000002290470a100_0 .net *"_ivl_25", 0 0, L_0000022904ac05c0;  1 drivers
L_0000022904ac2248 .functor BUFT 1, C4<11111111111>, C4<0>, C4<0>, C4<0>;
v0000022904709d40_0 .net/2u *"_ivl_28", 10 0, L_0000022904ac2248;  1 drivers
v000002290470a1a0_0 .net *"_ivl_30", 0 0, L_0000022904ac1d80;  1 drivers
L_0000022904ac2290 .functor BUFT 1, C4<00000000000>, C4<0>, C4<0>, C4<0>;
v000002290470a6a0_0 .net/2u *"_ivl_34", 10 0, L_0000022904ac2290;  1 drivers
v0000022904708d00_0 .net *"_ivl_36", 0 0, L_0000022904ac0700;  1 drivers
L_0000022904ac22d8 .functor BUFT 1, C4<00000000000>, C4<0>, C4<0>, C4<0>;
v000002290470a740_0 .net/2u *"_ivl_40", 10 0, L_0000022904ac22d8;  1 drivers
v0000022904708c60_0 .net *"_ivl_42", 0 0, L_0000022904ac0e80;  1 drivers
v000002290470a240_0 .net *"_ivl_45", 0 0, L_0000022904ac1e20;  1 drivers
L_0000022904ac2320 .functor BUFT 1, C4<1110000000010>, C4<0>, C4<0>, C4<0>;
v0000022904709f20_0 .net/2s *"_ivl_50", 12 0, L_0000022904ac2320;  1 drivers
L_0000022904ac2368 .functor BUFT 1, C4<0000000000000>, C4<0>, C4<0>, C4<0>;
v0000022904709a20_0 .net/2s *"_ivl_52", 12 0, L_0000022904ac2368;  1 drivers
L_0000022904ac23b0 .functor BUFT 1, C4<00>, C4<0>, C4<0>, C4<0>;
v000002290470a2e0_0 .net/2u *"_ivl_54", 1 0, L_0000022904ac23b0;  1 drivers
v0000022904708940_0 .net *"_ivl_56", 12 0, L_0000022904ac03e0;  1 drivers
L_0000022904ac23f8 .functor BUFT 1, C4<0001111111111>, C4<0>, C4<0>, C4<0>;
v0000022904709840_0 .net/2s *"_ivl_58", 12 0, L_0000022904ac23f8;  1 drivers
L_0000022904ac2128 .functor BUFT 1, C4<00000000000>, C4<0>, C4<0>, C4<0>;
v0000022904708a80_0 .net/2u *"_ivl_6", 10 0, L_0000022904ac2128;  1 drivers
v00000229047093e0_0 .net/s *"_ivl_60", 12 0, L_0000022904ac07a0;  1 drivers
v0000022904708b20_0 .net *"_ivl_62", 12 0, L_0000022904ac1f60;  1 drivers
v0000022904709ac0_0 .net *"_ivl_64", 12 0, L_0000022904ac0160;  1 drivers
L_0000022904ac2440 .functor BUFT 1, C4<0>, C4<0>, C4<0>, C4<0>;
v0000022904709b60_0 .net/2u *"_ivl_68", 0 0, L_0000022904ac2440;  1 drivers
v0000022904708bc0_0 .net *"_ivl_70", 52 0, L_0000022904ac14c0;  1 drivers
L_0000022904ac2488 .functor BUFT 1, C4<00000000000000000000000000000000000000000000000000000>, C4<0>, C4<0>, C4<0>;
v0000022904709de0_0 .net/2u *"_ivl_72", 52 0, L_0000022904ac2488;  1 drivers
L_0000022904ac24d0 .functor BUFT 1, C4<1>, C4<0>, C4<0>, C4<0>;
v0000022904709480_0 .net/2u *"_ivl_74", 0 0, L_0000022904ac24d0;  1 drivers
v00000229047095c0_0 .net *"_ivl_76", 52 0, L_0000022904ac1600;  1 drivers
v0000022904709e80_0 .net *"_ivl_78", 52 0, L_0000022904ac0340;  1 drivers
v0000022904709660_0 .net *"_ivl_8", 0 0, L_0000022904ac1100;  1 drivers
v0000022904709700_0 .net/s "exponent", 11 0, L_0000022904ac0200;  alias, 1 drivers
v00000229047097a0_0 .net "fp_in", 63 0, v0000022904ac0660_0;  alias, 1 drivers
v0000022904abbb70_0 .net "is_denormalized", 0 0, L_0000022904700d30;  alias, 1 drivers
v0000022904abab30_0 .net "is_inf", 0 0, L_0000022904700390;  alias, 1 drivers
v0000022904aba3b0_0 .net "is_mantissa_zero", 0 0, L_0000022904ac0de0;  1 drivers
v0000022904abb5d0_0 .net "is_nan", 0 0, L_0000022904700240;  alias, 1 drivers
v0000022904aba4f0_0 .net "is_special_exp", 0 0, L_00000229047000f0;  1 drivers
v0000022904abb3f0_0 .net "is_zero", 0 0, L_00000229047002b0;  alias, 1 drivers
v0000022904ababd0_0 .net "mantissa", 52 0, L_0000022904ac1240;  alias, 1 drivers
v0000022904abb670_0 .net "raw_exponent", 10 0, L_0000022904ac1a60;  1 drivers
v0000022904aba590_0 .net "raw_mantissa", 51 0, L_0000022904ac1420;  1 drivers
v0000022904aba630_0 .net "raw_sign", 0 0, L_0000022904ac0d40;  1 drivers
v0000022904abb030_0 .net "sign", 0 0, L_0000022904700da0;  alias, 1 drivers
L_0000022904ac0d40 .part v0000022904ac0660_0, 63, 1;
L_0000022904ac1a60 .part v0000022904ac0660_0, 52, 11;
L_0000022904ac1420 .part v0000022904ac0660_0, 0, 52;
L_0000022904ac1100 .cmp/eq 11, L_0000022904ac1a60, L_0000022904ac2128;
L_0000022904ac02a0 .cmp/eq 11, L_0000022904ac1a60, L_0000022904ac2170;
L_0000022904ac0de0 .cmp/eq 52, L_0000022904ac1420, L_0000022904ac21b8;
L_0000022904ac0a20 .cmp/eq 11, L_0000022904ac1a60, L_0000022904ac2200;
L_0000022904ac05c0 .reduce/nor L_0000022904ac0de0;
L_0000022904ac1d80 .cmp/eq 11, L_0000022904ac1a60, L_0000022904ac2248;
L_0000022904ac0700 .cmp/eq 11, L_0000022904ac1a60, L_0000022904ac2290;
L_0000022904ac0e80 .cmp/eq 11, L_0000022904ac1a60, L_0000022904ac22d8;
L_0000022904ac1e20 .reduce/nor L_0000022904ac0de0;
L_0000022904ac03e0 .concat [ 11 2 0 0], L_0000022904ac1a60, L_0000022904ac23b0;
L_0000022904ac07a0 .arith/sub 13, L_0000022904ac03e0, L_0000022904ac23f8;
L_0000022904ac1f60 .functor MUXZ 13, L_0000022904ac07a0, L_0000022904ac2368, L_00000229047000f0, C4<>;
L_0000022904ac0160 .functor MUXZ 13, L_0000022904ac1f60, L_0000022904ac2320, L_0000022904700d30, C4<>;
L_0000022904ac0200 .part L_0000022904ac0160, 0, 12;
L_0000022904ac14c0 .concat [ 52 1 0 0], L_0000022904ac1420, L_0000022904ac2440;
L_0000022904ac1600 .concat [ 52 1 0 0], L_0000022904ac1420, L_0000022904ac24d0;
L_0000022904ac0340 .functor MUXZ 53, L_0000022904ac1600, L_0000022904ac2488, L_00000229047000f0, C4<>;
L_0000022904ac1240 .functor MUXZ 53, L_0000022904ac0340, L_0000022904ac14c0, L_0000022904700d30, C4<>;
S_00000229046c4b50 .scope module, "u_dec_b" "fp_decomposer" 3 38, 4 6 0, S_00000229046d1620;
 .timescale 0 0;
    .port_info 0 /INPUT 64 "fp_in";
    .port_info 1 /OUTPUT 1 "sign";
    .port_info 2 /OUTPUT 12 "exponent";
    .port_info 3 /OUTPUT 53 "mantissa";
    .port_info 4 /OUTPUT 1 "is_nan";
    .port_info 5 /OUTPUT 1 "is_inf";
    .port_info 6 /OUTPUT 1 "is_zero";
    .port_info 7 /OUTPUT 1 "is_denormalized";
P_00000229046c7fd0 .param/l "EXP_ALL_ONES" 1 4 26, C4<11111111111>;
P_00000229046c8008 .param/l "EXP_ALL_ZEROS" 1 4 25, C4<00000000000>;
P_00000229046c8040 .param/l "EXP_BIAS" 1 4 27, +C4<0001111111111>;
L_00000229047009b0 .functor OR 1, L_0000022904ac0ca0, L_0000022904ac0f20, C4<0>, C4<0>;
L_0000022904700160 .functor AND 1, L_0000022904ac1380, L_0000022904ac16a0, C4<1>, C4<1>;
L_0000022904700a20 .functor AND 1, L_0000022904b1d780, L_0000022904ac11a0, C4<1>, C4<1>;
L_0000022904700ef0 .functor AND 1, L_0000022904b1dd20, L_0000022904ac11a0, C4<1>, C4<1>;
L_0000022904700550 .functor AND 1, L_0000022904b1ca60, L_0000022904b1cb00, C4<1>, C4<1>;
L_0000022904700a90 .functor BUFZ 1, L_0000022904ac08e0, C4<0>, C4<0>, C4<0>;
L_0000022904ac2560 .functor BUFT 1, C4<11111111111>, C4<0>, C4<0>, C4<0>;
v0000022904abb170_0 .net/2u *"_ivl_10", 10 0, L_0000022904ac2560;  1 drivers
v0000022904abb2b0_0 .net *"_ivl_12", 0 0, L_0000022904ac0f20;  1 drivers
L_0000022904ac25a8 .functor BUFT 1, C4<0000000000000000000000000000000000000000000000000000>, C4<0>, C4<0>, C4<0>;
v0000022904abaa90_0 .net/2u *"_ivl_16", 51 0, L_0000022904ac25a8;  1 drivers
L_0000022904ac25f0 .functor BUFT 1, C4<11111111111>, C4<0>, C4<0>, C4<0>;
v0000022904aba450_0 .net/2u *"_ivl_20", 10 0, L_0000022904ac25f0;  1 drivers
v0000022904abaf90_0 .net *"_ivl_22", 0 0, L_0000022904ac1380;  1 drivers
v0000022904abb850_0 .net *"_ivl_25", 0 0, L_0000022904ac16a0;  1 drivers
L_0000022904ac2638 .functor BUFT 1, C4<11111111111>, C4<0>, C4<0>, C4<0>;
v0000022904aba8b0_0 .net/2u *"_ivl_28", 10 0, L_0000022904ac2638;  1 drivers
v0000022904aba6d0_0 .net *"_ivl_30", 0 0, L_0000022904b1d780;  1 drivers
L_0000022904ac2680 .functor BUFT 1, C4<00000000000>, C4<0>, C4<0>, C4<0>;
v0000022904abb0d0_0 .net/2u *"_ivl_34", 10 0, L_0000022904ac2680;  1 drivers
v0000022904abb210_0 .net *"_ivl_36", 0 0, L_0000022904b1dd20;  1 drivers
L_0000022904ac26c8 .functor BUFT 1, C4<00000000000>, C4<0>, C4<0>, C4<0>;
v0000022904aba270_0 .net/2u *"_ivl_40", 10 0, L_0000022904ac26c8;  1 drivers
v0000022904abbcb0_0 .net *"_ivl_42", 0 0, L_0000022904b1ca60;  1 drivers
v0000022904abbc10_0 .net *"_ivl_45", 0 0, L_0000022904b1cb00;  1 drivers
L_0000022904ac2710 .functor BUFT 1, C4<1110000000010>, C4<0>, C4<0>, C4<0>;
v0000022904abb530_0 .net/2s *"_ivl_50", 12 0, L_0000022904ac2710;  1 drivers
L_0000022904ac2758 .functor BUFT 1, C4<0000000000000>, C4<0>, C4<0>, C4<0>;
v0000022904abbe90_0 .net/2s *"_ivl_52", 12 0, L_0000022904ac2758;  1 drivers
L_0000022904ac27a0 .functor BUFT 1, C4<00>, C4<0>, C4<0>, C4<0>;
v0000022904abbd50_0 .net/2u *"_ivl_54", 1 0, L_0000022904ac27a0;  1 drivers
v0000022904aba950_0 .net *"_ivl_56", 12 0, L_0000022904b1dfa0;  1 drivers
L_0000022904ac27e8 .functor BUFT 1, C4<0001111111111>, C4<0>, C4<0>, C4<0>;
v0000022904abb350_0 .net/2s *"_ivl_58", 12 0, L_0000022904ac27e8;  1 drivers
L_0000022904ac2518 .functor BUFT 1, C4<00000000000>, C4<0>, C4<0>, C4<0>;
v0000022904abb710_0 .net/2u *"_ivl_6", 10 0, L_0000022904ac2518;  1 drivers
v0000022904aba9f0_0 .net/s *"_ivl_60", 12 0, L_0000022904b1d460;  1 drivers
v0000022904abb490_0 .net *"_ivl_62", 12 0, L_0000022904b1daa0;  1 drivers
v0000022904aba310_0 .net *"_ivl_64", 12 0, L_0000022904b1d500;  1 drivers
L_0000022904ac2830 .functor BUFT 1, C4<0>, C4<0>, C4<0>, C4<0>;
v0000022904abb7b0_0 .net/2u *"_ivl_68", 0 0, L_0000022904ac2830;  1 drivers
v0000022904abac70_0 .net *"_ivl_70", 52 0, L_0000022904b1dbe0;  1 drivers
L_0000022904ac2878 .functor BUFT 1, C4<00000000000000000000000000000000000000000000000000000>, C4<0>, C4<0>, C4<0>;
v0000022904abb8f0_0 .net/2u *"_ivl_72", 52 0, L_0000022904ac2878;  1 drivers
L_0000022904ac28c0 .functor BUFT 1, C4<1>, C4<0>, C4<0>, C4<0>;
v0000022904aba770_0 .net/2u *"_ivl_74", 0 0, L_0000022904ac28c0;  1 drivers
v0000022904aba810_0 .net *"_ivl_76", 52 0, L_0000022904b1d000;  1 drivers
v0000022904abb990_0 .net *"_ivl_78", 52 0, L_0000022904b1c740;  1 drivers
v0000022904abba30_0 .net *"_ivl_8", 0 0, L_0000022904ac0ca0;  1 drivers
v0000022904abad10_0 .net/s "exponent", 11 0, L_0000022904b1c1a0;  alias, 1 drivers
v0000022904abbdf0_0 .net "fp_in", 63 0, v0000022904ac1060_0;  alias, 1 drivers
v0000022904abadb0_0 .net "is_denormalized", 0 0, L_0000022904700550;  alias, 1 drivers
v0000022904abbad0_0 .net "is_inf", 0 0, L_0000022904700a20;  alias, 1 drivers
v0000022904abbf30_0 .net "is_mantissa_zero", 0 0, L_0000022904ac11a0;  1 drivers
v0000022904abae50_0 .net "is_nan", 0 0, L_0000022904700160;  alias, 1 drivers
v0000022904abaef0_0 .net "is_special_exp", 0 0, L_00000229047009b0;  1 drivers
v0000022904abbfd0_0 .net "is_zero", 0 0, L_0000022904700ef0;  alias, 1 drivers
v0000022904aba130_0 .net "mantissa", 52 0, L_0000022904b1cec0;  alias, 1 drivers
v0000022904aba1d0_0 .net "raw_exponent", 10 0, L_0000022904ac0980;  1 drivers
v0000022904abca00_0 .net "raw_mantissa", 51 0, L_0000022904ac0c00;  1 drivers
v0000022904abdd60_0 .net "raw_sign", 0 0, L_0000022904ac08e0;  1 drivers
v0000022904abc460_0 .net "sign", 0 0, L_0000022904700a90;  alias, 1 drivers
L_0000022904ac08e0 .part v0000022904ac1060_0, 63, 1;
L_0000022904ac0980 .part v0000022904ac1060_0, 52, 11;
L_0000022904ac0c00 .part v0000022904ac1060_0, 0, 52;
L_0000022904ac0ca0 .cmp/eq 11, L_0000022904ac0980, L_0000022904ac2518;
L_0000022904ac0f20 .cmp/eq 11, L_0000022904ac0980, L_0000022904ac2560;
L_0000022904ac11a0 .cmp/eq 52, L_0000022904ac0c00, L_0000022904ac25a8;
L_0000022904ac1380 .cmp/eq 11, L_0000022904ac0980, L_0000022904ac25f0;
L_0000022904ac16a0 .reduce/nor L_0000022904ac11a0;
L_0000022904b1d780 .cmp/eq 11, L_0000022904ac0980, L_0000022904ac2638;
L_0000022904b1dd20 .cmp/eq 11, L_0000022904ac0980, L_0000022904ac2680;
L_0000022904b1ca60 .cmp/eq 11, L_0000022904ac0980, L_0000022904ac26c8;
L_0000022904b1cb00 .reduce/nor L_0000022904ac11a0;
L_0000022904b1dfa0 .concat [ 11 2 0 0], L_0000022904ac0980, L_0000022904ac27a0;
L_0000022904b1d460 .arith/sub 13, L_0000022904b1dfa0, L_0000022904ac27e8;
L_0000022904b1daa0 .functor MUXZ 13, L_0000022904b1d460, L_0000022904ac2758, L_00000229047009b0, C4<>;
L_0000022904b1d500 .functor MUXZ 13, L_0000022904b1daa0, L_0000022904ac2710, L_0000022904700550, C4<>;
L_0000022904b1c1a0 .part L_0000022904b1d500, 0, 12;
L_0000022904b1dbe0 .concat [ 52 1 0 0], L_0000022904ac0c00, L_0000022904ac2830;
L_0000022904b1d000 .concat [ 52 1 0 0], L_0000022904ac0c00, L_0000022904ac28c0;
L_0000022904b1c740 .functor MUXZ 53, L_0000022904b1d000, L_0000022904ac2878, L_00000229047009b0, C4<>;
L_0000022904b1cec0 .functor MUXZ 53, L_0000022904b1c740, L_0000022904b1dbe0, L_0000022904700550, C4<>;
S_0000022904672ae0 .scope module, "u_rec" "fp_recomposer" 3 272, 5 7 0, S_00000229046d1620;
 .timescale 0 0;
    .port_info 0 /INPUT 1 "final_sign";
    .port_info 1 /INPUT 11 "final_exponent_field";
    .port_info 2 /INPUT 52 "final_mantissa_field";
    .port_info 3 /INPUT 1 "is_nan_out";
    .port_info 4 /INPUT 1 "is_inf_out";
    .port_info 5 /INPUT 1 "is_zero_out";
    .port_info 6 /OUTPUT 64 "fp_out";
L_0000022904ac2a70 .functor BUFT 1, C4<0111111111111000000000000000000000000000000000000000000000000001>, C4<0>, C4<0>, C4<0>;
v0000022904abdcc0_0 .net/2u *"_ivl_0", 63 0, L_0000022904ac2a70;  1 drivers
L_0000022904ac2b90 .functor BUFT 1, C4<0000000000000000000000000000000000000000000000000000>, C4<0>, C4<0>, C4<0>;
v0000022904abc500_0 .net/2u *"_ivl_10", 51 0, L_0000022904ac2b90;  1 drivers
v0000022904abc8c0_0 .net *"_ivl_12", 63 0, L_0000022904b1d320;  1 drivers
v0000022904abd5e0_0 .net *"_ivl_14", 63 0, L_0000022904b1cc40;  1 drivers
v0000022904abc5a0_0 .net *"_ivl_16", 63 0, L_0000022904b1d1e0;  1 drivers
v0000022904abcdc0_0 .net *"_ivl_18", 63 0, L_0000022904b1c380;  1 drivers
L_0000022904ac2ab8 .functor BUFT 1, C4<11111111111>, C4<0>, C4<0>, C4<0>;
v0000022904abc1e0_0 .net/2u *"_ivl_2", 10 0, L_0000022904ac2ab8;  1 drivers
L_0000022904ac2b00 .functor BUFT 1, C4<0000000000000000000000000000000000000000000000000000>, C4<0>, C4<0>, C4<0>;
v0000022904abc320_0 .net/2u *"_ivl_4", 51 0, L_0000022904ac2b00;  1 drivers
v0000022904abdae0_0 .net *"_ivl_6", 63 0, L_0000022904b1ddc0;  1 drivers
L_0000022904ac2b48 .functor BUFT 1, C4<00000000000>, C4<0>, C4<0>, C4<0>;
v0000022904abc640_0 .net/2u *"_ivl_8", 10 0, L_0000022904ac2b48;  1 drivers
v0000022904abd900_0 .net "final_exponent_field", 10 0, L_0000022904b1cba0;  alias, 1 drivers
v0000022904abc6e0_0 .net "final_mantissa_field", 51 0, L_0000022904b1c420;  1 drivers
v0000022904abd720_0 .net "final_sign", 0 0, v0000022904abef10_0;  1 drivers
v0000022904abc780_0 .net "fp_out", 63 0, L_0000022904b1c2e0;  alias, 1 drivers
v0000022904abd7c0_0 .net "is_inf_out", 0 0, v0000022904abe8d0_0;  1 drivers
v0000022904abd9a0_0 .net "is_nan_out", 0 0, v0000022904abe970_0;  1 drivers
v0000022904abc820_0 .net "is_zero_out", 0 0, v0000022904abeb50_0;  1 drivers
L_0000022904b1ddc0 .concat [ 52 11 1 0], L_0000022904ac2b00, L_0000022904ac2ab8, v0000022904abef10_0;
L_0000022904b1d320 .concat [ 52 11 1 0], L_0000022904ac2b90, L_0000022904ac2b48, v0000022904abef10_0;
L_0000022904b1cc40 .concat [ 52 11 1 0], L_0000022904b1c420, L_0000022904b1cba0, v0000022904abef10_0;
L_0000022904b1d1e0 .functor MUXZ 64, L_0000022904b1cc40, L_0000022904b1d320, v0000022904abeb50_0, C4<>;
L_0000022904b1c380 .functor MUXZ 64, L_0000022904b1d1e0, L_0000022904b1ddc0, v0000022904abe8d0_0, C4<>;
L_0000022904b1c2e0 .functor MUXZ 64, L_0000022904b1c380, L_0000022904ac2a70, v0000022904abe970_0, C4<>;
S_0000022904672c70 .scope module, "u_rounder" "fp_rounder" 3 104, 6 6 0, S_00000229046d1620;
 .timescale 0 0;
    .port_info 0 /INPUT 53 "mant_in";
    .port_info 1 /INPUT 1 "g";
    .port_info 2 /INPUT 1 "r";
    .port_info 3 /INPUT 1 "s";
    .port_info 4 /OUTPUT 53 "mant_out";
    .port_info 5 /OUTPUT 1 "carry_out";
L_000002290475da60 .functor OR 1, L_0000022904b1c240, L_000002290475de50, C4<0>, C4<0>;
L_000002290475d2f0 .functor OR 1, L_000002290475da60, L_0000022904b1de60, C4<0>, C4<0>;
L_000002290475dec0 .functor AND 1, L_0000022904b1c600, L_000002290475d2f0, C4<1>, C4<1>;
v0000022904abc960_0 .net *"_ivl_10", 53 0, L_0000022904b1c4c0;  1 drivers
v0000022904abcaa0_0 .net *"_ivl_12", 53 0, L_0000022904b1d820;  1 drivers
L_0000022904ac2950 .functor BUFT 1, C4<00000000000000000000000000000000000000000000000000000>, C4<0>, C4<0>, C4<0>;
v0000022904abcb40_0 .net *"_ivl_15", 52 0, L_0000022904ac2950;  1 drivers
v0000022904abd860_0 .net *"_ivl_2", 0 0, L_000002290475da60;  1 drivers
v0000022904abdea0_0 .net *"_ivl_4", 0 0, L_000002290475d2f0;  1 drivers
L_0000022904ac2908 .functor BUFT 1, C4<0>, C4<0>, C4<0>, C4<0>;
v0000022904abcbe0_0 .net/2u *"_ivl_8", 0 0, L_0000022904ac2908;  1 drivers
v0000022904abcf00_0 .net "carry_out", 0 0, L_0000022904b1c7e0;  alias, 1 drivers
v0000022904abdc20_0 .net "g", 0 0, L_0000022904b1c600;  alias, 1 drivers
v0000022904abda40_0 .net "lsb", 0 0, L_0000022904b1de60;  1 drivers
v0000022904abdb80_0 .net "mant_in", 52 0, L_0000022904b1ce20;  alias, 1 drivers
v0000022904abde00_0 .net "mant_out", 52 0, L_0000022904b1cd80;  alias, 1 drivers
v0000022904abcc80_0 .net "r", 0 0, L_0000022904b1c240;  alias, 1 drivers
v0000022904abcd20_0 .net "round_decision", 0 0, L_000002290475dec0;  1 drivers
v0000022904abdf40_0 .net "rounded_result", 53 0, L_0000022904b1d0a0;  1 drivers
v0000022904abce60_0 .net "s", 0 0, L_000002290475de50;  alias, 1 drivers
L_0000022904b1de60 .part L_0000022904b1ce20, 0, 1;
L_0000022904b1c4c0 .concat [ 53 1 0 0], L_0000022904b1ce20, L_0000022904ac2908;
L_0000022904b1d820 .concat [ 1 53 0 0], L_000002290475dec0, L_0000022904ac2950;
L_0000022904b1d0a0 .arith/sum 54, L_0000022904b1c4c0, L_0000022904b1d820;
L_0000022904b1cd80 .part L_0000022904b1d0a0, 0, 53;
L_0000022904b1c7e0 .part L_0000022904b1d0a0, 53, 1;
    .scope S_00000229046d1620;
T_1 ;
    %wait E_00000229047050b0;
    %load/vec4 v0000022904ac1920_0;
    %nor/r;
    %flag_set/vec4 8;
    %jmp/0xz  T_1.0, 8;
    %pushi/vec4 0, 0, 3;
    %assign/vec4 v0000022904ac0520_0, 0;
    %pushi/vec4 0, 0, 64;
    %assign/vec4 v0000022904abf370_0, 0;
    %pushi/vec4 0, 0, 1;
    %assign/vec4 v0000022904abf0f0_0, 0;
    %pushi/vec4 0, 0, 1;
    %assign/vec4 v0000022904abe290_0, 0;
    %pushi/vec4 0, 0, 1;
    %assign/vec4 v0000022904ac17e0_0, 0;
    %pushi/vec4 0, 0, 1;
    %assign/vec4 v0000022904abebf0_0, 0;
    %pushi/vec4 0, 0, 110;
    %assign/vec4 v0000022904abe1f0_0, 0;
    %pushi/vec4 0, 0, 56;
    %assign/vec4 v0000022904abe150_0, 0;
    %pushi/vec4 0, 0, 6;
    %assign/vec4 v0000022904abfa50_0, 0;
    %pushi/vec4 0, 0, 54;
    %assign/vec4 v0000022904abf7d0_0, 0;
    %pushi/vec4 0, 0, 1;
    %assign/vec4 v0000022904abef10_0, 0;
    %pushi/vec4 0, 0, 14;
    %assign/vec4 v0000022904abe830_0, 0;
    %pushi/vec4 0, 0, 53;
    %assign/vec4 v0000022904abec90_0, 0;
    %pushi/vec4 0, 0, 1;
    %assign/vec4 v0000022904abe970_0, 0;
    %pushi/vec4 0, 0, 1;
    %assign/vec4 v0000022904abe8d0_0, 0;
    %pushi/vec4 0, 0, 1;
    %assign/vec4 v0000022904abeb50_0, 0;
    %jmp T_1.1;
T_1.0 ;
    %pushi/vec4 0, 0, 1;
    %assign/vec4 v0000022904abf0f0_0, 0;
    %load/vec4 v0000022904ac0520_0;
    %dup/vec4;
    %pushi/vec4 0, 0, 3;
    %cmp/u;
    %jmp/1 T_1.2, 6;
    %dup/vec4;
    %pushi/vec4 1, 0, 3;
    %cmp/u;
    %jmp/1 T_1.3, 6;
    %dup/vec4;
    %pushi/vec4 2, 0, 3;
    %cmp/u;
    %jmp/1 T_1.4, 6;
    %dup/vec4;
    %pushi/vec4 3, 0, 3;
    %cmp/u;
    %jmp/1 T_1.5, 6;
    %dup/vec4;
    %pushi/vec4 4, 0, 3;
    %cmp/u;
    %jmp/1 T_1.6, 6;
    %dup/vec4;
    %pushi/vec4 5, 0, 3;
    %cmp/u;
    %jmp/1 T_1.7, 6;
    %dup/vec4;
    %pushi/vec4 6, 0, 3;
    %cmp/u;
    %jmp/1 T_1.8, 6;
    %jmp T_1.9;
T_1.2 ;
    %load/vec4 v0000022904ac1740_0;
    %flag_set/vec4 8;
    %jmp/0xz  T_1.10, 8;
    %pushi/vec4 1, 0, 3;
    %assign/vec4 v0000022904ac0520_0, 0;
    %pushi/vec4 0, 0, 1;
    %assign/vec4 v0000022904abe290_0, 0;
    %pushi/vec4 0, 0, 1;
    %assign/vec4 v0000022904ac17e0_0, 0;
    %pushi/vec4 0, 0, 1;
    %assign/vec4 v0000022904abebf0_0, 0;
T_1.10 ;
    %jmp T_1.9;
T_1.3 ;
    %load/vec4 v0000022904abfeb0_0;
    %assign/vec4 v0000022904abef10_0, 0;
    %load/vec4 v0000022904abe5b0_0;
    %flag_set/vec4 8;
    %jmp/0xz  T_1.12, 8;
    %pushi/vec4 1, 0, 1;
    %assign/vec4 v0000022904abe970_0, 0;
    %pushi/vec4 0, 0, 1;
    %assign/vec4 v0000022904abe8d0_0, 0;
    %pushi/vec4 0, 0, 1;
    %assign/vec4 v0000022904abeb50_0, 0;
    %load/vec4 v0000022904abe470_0;
    %assign/vec4 v0000022904abebf0_0, 0;
    %pushi/vec4 5, 0, 3;
    %assign/vec4 v0000022904ac0520_0, 0;
    %jmp T_1.13;
T_1.12 ;
    %load/vec4 v0000022904abe3d0_0;
    %flag_set/vec4 8;
    %jmp/0xz  T_1.14, 8;
    %pushi/vec4 0, 0, 1;
    %assign/vec4 v0000022904abe970_0, 0;
    %pushi/vec4 1, 0, 1;
    %assign/vec4 v0000022904abe8d0_0, 0;
    %pushi/vec4 0, 0, 1;
    %assign/vec4 v0000022904abeb50_0, 0;
    %load/vec4 v0000022904abee70_0;
    %flag_set/vec4 8;
    %jmp/0xz  T_1.16, 8;
    %pushi/vec4 1, 0, 1;
    %assign/vec4 v0000022904abe290_0, 0;
T_1.16 ;
    %pushi/vec4 5, 0, 3;
    %assign/vec4 v0000022904ac0520_0, 0;
    %jmp T_1.15;
T_1.14 ;
    %load/vec4 v0000022904abfc30_0;
    %flag_set/vec4 8;
    %jmp/0xz  T_1.18, 8;
    %pushi/vec4 0, 0, 1;
    %assign/vec4 v0000022904abe970_0, 0;
    %pushi/vec4 0, 0, 1;
    %assign/vec4 v0000022904abe8d0_0, 0;
    %pushi/vec4 1, 0, 1;
    %assign/vec4 v0000022904abeb50_0, 0;
    %pushi/vec4 5, 0, 3;
    %assign/vec4 v0000022904ac0520_0, 0;
    %jmp T_1.19;
T_1.18 ;
    %pushi/vec4 0, 0, 1;
    %assign/vec4 v0000022904abe970_0, 0;
    %pushi/vec4 0, 0, 1;
    %assign/vec4 v0000022904abe8d0_0, 0;
    %pushi/vec4 0, 0, 1;
    %assign/vec4 v0000022904abeb50_0, 0;
    %load/vec4 v0000022904abfd70_0;
    %pad/s 14;
    %load/vec4 v0000022904abf2d0_0;
    %pad/s 14;
    %sub;
    %assign/vec4 v0000022904abe830_0, 0;
    %pushi/vec4 0, 0, 1;
    %load/vec4 v0000022904abfe10_0;
    %concat/vec4; draw_concat_vec4
    %concati/vec4 0, 0, 56;
    %assign/vec4 v0000022904abe1f0_0, 0;
    %pushi/vec4 0, 0, 1;
    %load/vec4 v0000022904abfff0_0;
    %concat/vec4; draw_concat_vec4
    %assign/vec4 v0000022904abf7d0_0, 0;
    %pushi/vec4 0, 0, 56;
    %assign/vec4 v0000022904abe150_0, 0;
    %pushi/vec4 56, 0, 6;
    %assign/vec4 v0000022904abfa50_0, 0;
    %pushi/vec4 2, 0, 3;
    %assign/vec4 v0000022904ac0520_0, 0;
T_1.19 ;
T_1.15 ;
T_1.13 ;
    %jmp T_1.9;
T_1.4 ;
    %load/vec4 v0000022904abf7d0_0;
    %load/vec4 v0000022904abe1f0_0;
    %parti/s 54, 56, 7;
    %cmp/u;
    %flag_or 5, 4;
    %jmp/0xz  T_1.20, 5;
    %load/vec4 v0000022904abe1f0_0;
    %parti/s 54, 56, 7;
    %load/vec4 v0000022904abf7d0_0;
    %sub;
    %load/vec4 v0000022904abe1f0_0;
    %parti/s 56, 0, 2;
    %concat/vec4; draw_concat_vec4
    %ix/load 4, 1, 0;
    %flag_set/imm 4, 0;
    %shiftl 4;
    %assign/vec4 v0000022904abe1f0_0, 0;
    %load/vec4 v0000022904abe150_0;
    %parti/s 55, 0, 2;
    %concati/vec4 1, 0, 1;
    %assign/vec4 v0000022904abe150_0, 0;
    %jmp T_1.21;
T_1.20 ;
    %load/vec4 v0000022904abe1f0_0;
    %ix/load 4, 1, 0;
    %flag_set/imm 4, 0;
    %shiftl 4;
    %assign/vec4 v0000022904abe1f0_0, 0;
    %load/vec4 v0000022904abe150_0;
    %parti/s 55, 0, 2;
    %concati/vec4 0, 0, 1;
    %assign/vec4 v0000022904abe150_0, 0;
T_1.21 ;
    %load/vec4 v0000022904abfa50_0;
    %subi 1, 0, 6;
    %assign/vec4 v0000022904abfa50_0, 0;
    %load/vec4 v0000022904abfa50_0;
    %pad/u 32;
    %cmpi/e 1, 0, 32;
    %jmp/0xz  T_1.22, 4;
    %pushi/vec4 3, 0, 3;
    %assign/vec4 v0000022904ac0520_0, 0;
T_1.22 ;
    %jmp T_1.9;
T_1.5 ;
    %load/vec4 v0000022904abe150_0;
    %parti/s 1, 55, 7;
    %flag_set/vec4 8;
    %jmp/0xz  T_1.24, 8;
    %jmp T_1.25;
T_1.24 ;
    %load/vec4 v0000022904abe150_0;
    %parti/s 55, 0, 2;
    %concati/vec4 0, 0, 1;
    %assign/vec4 v0000022904abe150_0, 0;
    %load/vec4 v0000022904abe830_0;
    %subi 1, 0, 14;
    %assign/vec4 v0000022904abe830_0, 0;
T_1.25 ;
    %pushi/vec4 4, 0, 3;
    %assign/vec4 v0000022904ac0520_0, 0;
    %jmp T_1.9;
T_1.6 ;
    %load/vec4 v0000022904abf050_0;
    %flag_set/vec4 8;
    %jmp/0xz  T_1.26, 8;
    %pushi/vec4 0, 0, 53;
    %assign/vec4 v0000022904abec90_0, 0;
    %load/vec4 v0000022904abe830_0;
    %addi 16383, 0, 14;
    %assign/vec4 v0000022904abe830_0, 0;
    %jmp T_1.27;
T_1.26 ;
    %load/vec4 v0000022904ac1b00_0;
    %assign/vec4 v0000022904abec90_0, 0;
T_1.27 ;
    %pushi/vec4 5, 0, 3;
    %assign/vec4 v0000022904ac0520_0, 0;
    %jmp T_1.9;
T_1.7 ;
    %load/vec4 v0000022904abe970_0;
    %nor/r;
    %flag_set/vec4 10;
    %flag_get/vec4 10;
    %jmp/0 T_1.31, 10;
    %load/vec4 v0000022904abe8d0_0;
    %nor/r;
    %and;
T_1.31;
    %flag_set/vec4 9;
    %flag_get/vec4 9;
    %jmp/0 T_1.30, 9;
    %load/vec4 v0000022904abeb50_0;
    %nor/r;
    %and;
T_1.30;
    %flag_set/vec4 8;
    %jmp/0xz  T_1.28, 8;
    %load/vec4 v0000022904abe830_0;
    %pad/s 32;
    %cmpi/s 1023, 0, 32;
    %flag_or 5, 4; GT is !LE
    %flag_inv 5;
    %jmp/0xz  T_1.32, 5;
    %pushi/vec4 1, 0, 1;
    %assign/vec4 v0000022904abe290_0, 0;
    %pushi/vec4 1, 0, 1;
    %assign/vec4 v0000022904abe8d0_0, 0;
    %jmp T_1.33;
T_1.32 ;
    %load/vec4 v0000022904abe830_0;
    %pad/s 32;
    %cmpi/s 4294966274, 0, 32;
    %jmp/0xz  T_1.34, 5;
    %pushi/vec4 1, 0, 1;
    %assign/vec4 v0000022904ac17e0_0, 0;
    %pushi/vec4 1, 0, 1;
    %assign/vec4 v0000022904abeb50_0, 0;
    %pushi/vec4 0, 0, 14;
    %assign/vec4 v0000022904abe830_0, 0;
T_1.34 ;
T_1.33 ;
T_1.28 ;
    %pushi/vec4 6, 0, 3;
    %assign/vec4 v0000022904ac0520_0, 0;
    %jmp T_1.9;
T_1.8 ;
    %pushi/vec4 1, 0, 1;
    %assign/vec4 v0000022904abf0f0_0, 0;
    %pushi/vec4 0, 0, 3;
    %assign/vec4 v0000022904ac0520_0, 0;
    %jmp T_1.9;
T_1.9 ;
    %pop/vec4 1;
T_1.1 ;
    %jmp T_1;
    .thread T_1;
    .scope S_00000229046d1620;
T_2 ;
    %wait E_0000022904704a30;
    %load/vec4 v0000022904ac0520_0;
    %cmpi/e 6, 0, 3;
    %jmp/0xz  T_2.0, 4;
    %load/vec4 v0000022904abe6f0_0;
    %assign/vec4 v0000022904abf370_0, 0;
T_2.0 ;
    %jmp T_2;
    .thread T_2;
    .scope S_000002290470d920;
T_3 ;
    %delay 5000, 0;
    %load/vec4 v0000022904ac0fc0_0;
    %inv;
    %store/vec4 v0000022904ac0fc0_0, 0, 1;
    %jmp T_3;
    .thread T_3;
    .scope S_000002290470d920;
T_4 ;
    %pushi/vec4 0, 0, 1;
    %store/vec4 v0000022904ac0fc0_0, 0, 1;
    %pushi/vec4 0, 0, 1;
    %store/vec4 v0000022904ac1ba0_0, 0, 1;
    %pushi/vec4 0, 0, 1;
    %store/vec4 v0000022904ac1560_0, 0, 1;
    %pushi/vec4 0, 0, 64;
    %store/vec4 v0000022904ac0660_0, 0, 64;
    %pushi/vec4 0, 0, 64;
    %store/vec4 v0000022904ac1060_0, 0, 64;
    %vpi_call 2 87 "$dumpfile", "./vcd/tb_fp_div.vcd" {0 0 0};
    %vpi_call 2 88 "$dumpvars", 32'sb00000000000000000000000000000000, S_000002290470d920 {0 0 0};
    %delay 20000, 0;
    %wait E_0000022904704a30;
    %pushi/vec4 1, 0, 1;
    %store/vec4 v0000022904ac1ba0_0, 0, 1;
    %wait E_0000022904704a30;
    %vpi_call 2 96 "$display", "================== Start Test fp_div_64 ==================" {0 0 0};
    %pushi/vec4 2150629376, 0, 33;
    %concati/vec4 0, 0, 31;
    %store/vec4 v000002290470a420_0, 0, 64;
    %pushi/vec4 2147483648, 0, 33;
    %concati/vec4 0, 0, 31;
    %store/vec4 v0000022904709020_0, 0, 64;
    %pushi/vec4 2148532224, 0, 33;
    %concati/vec4 0, 0, 31;
    %store/vec4 v0000022904709200_0, 0, 64;
    %pushi/vec4 0, 0, 32; draw_string_vec4
    %pushi/vec4 0, 0, 32; draw_string_vec4
    %concat/vec4; draw_string_vec4
    %pushi/vec4 0, 0, 32; draw_string_vec4
    %concat/vec4; draw_string_vec4
    %pushi/vec4 0, 0, 32; draw_string_vec4
    %concat/vec4; draw_string_vec4
    %pushi/vec4 0, 0, 32; draw_string_vec4
    %concat/vec4; draw_string_vec4
    %pushi/vec4 0, 0, 32; draw_string_vec4
    %concat/vec4; draw_string_vec4
    %pushi/vec4 0, 0, 32; draw_string_vec4
    %concat/vec4; draw_string_vec4
    %pushi/vec4 0, 0, 32; draw_string_vec4
    %concat/vec4; draw_string_vec4
    %pushi/vec4 0, 0, 32; draw_string_vec4
    %concat/vec4; draw_string_vec4
    %pushi/vec4 84, 0, 32; draw_string_vec4
    %concat/vec4; draw_string_vec4
    %pushi/vec4 1702065184, 0, 32; draw_string_vec4
    %concat/vec4; draw_string_vec4
    %pushi/vec4 825892918, 0, 32; draw_string_vec4
    %concat/vec4; draw_string_vec4
    %pushi/vec4 774905903, 0, 32; draw_string_vec4
    %concat/vec4; draw_string_vec4
    %pushi/vec4 540159536, 0, 32; draw_string_vec4
    %concat/vec4; draw_string_vec4
    %pushi/vec4 539509345, 0, 32; draw_string_vec4
    %concat/vec4; draw_string_vec4
    %pushi/vec4 1936286505, 0, 32; draw_string_vec4
    %concat/vec4; draw_string_vec4
    %store/vec4 v00000229047092a0_0, 0, 512;
    %fork TD_tb_fp_div.run_test, S_00000229047153d0;
    %join;
    %pushi/vec4 3222798336, 0, 32;
    %concati/vec4 0, 0, 32;
    %store/vec4 v000002290470a420_0, 0, 64;
    %pushi/vec4 2147483648, 0, 33;
    %concati/vec4 0, 0, 31;
    %store/vec4 v0000022904709020_0, 0, 64;
    %pushi/vec4 3221749760, 0, 32;
    %concati/vec4 0, 0, 32;
    %store/vec4 v0000022904709200_0, 0, 64;
    %pushi/vec4 0, 0, 32; draw_string_vec4
    %pushi/vec4 0, 0, 32; draw_string_vec4
    %concat/vec4; draw_string_vec4
    %pushi/vec4 0, 0, 32; draw_string_vec4
    %concat/vec4; draw_string_vec4
    %pushi/vec4 0, 0, 32; draw_string_vec4
    %concat/vec4; draw_string_vec4
    %pushi/vec4 0, 0, 32; draw_string_vec4
    %concat/vec4; draw_string_vec4
    %pushi/vec4 0, 0, 32; draw_string_vec4
    %concat/vec4; draw_string_vec4
    %pushi/vec4 0, 0, 32; draw_string_vec4
    %concat/vec4; draw_string_vec4
    %pushi/vec4 0, 0, 32; draw_string_vec4
    %concat/vec4; draw_string_vec4
    %pushi/vec4 84, 0, 32; draw_string_vec4
    %concat/vec4; draw_string_vec4
    %pushi/vec4 1702065184, 0, 32; draw_string_vec4
    %concat/vec4; draw_string_vec4
    %pushi/vec4 842670125, 0, 32; draw_string_vec4
    %concat/vec4; draw_string_vec4
    %pushi/vec4 908996640, 0, 32; draw_string_vec4
    %concat/vec4; draw_string_vec4
    %pushi/vec4 790639150, 0, 32; draw_string_vec4
    %concat/vec4; draw_string_vec4
    %pushi/vec4 807413843, 0, 32; draw_string_vec4
    %concat/vec4; draw_string_vec4
    %pushi/vec4 1768386080, 0, 32; draw_string_vec4
    %concat/vec4; draw_string_vec4
    %pushi/vec4 1298757673, 0, 32; draw_string_vec4
    %concat/vec4; draw_string_vec4
    %store/vec4 v00000229047092a0_0, 0, 512;
    %fork TD_tb_fp_div.run_test, S_00000229047153d0;
    %join;
    %pushi/vec4 4290772992, 0, 34;
    %concati/vec4 0, 0, 30;
    %store/vec4 v000002290470a420_0, 0, 64;
    %pushi/vec4 4290772992, 0, 34;
    %concati/vec4 0, 0, 30;
    %store/vec4 v0000022904709020_0, 0, 64;
    %pushi/vec4 4290772992, 0, 34;
    %concati/vec4 0, 0, 30;
    %store/vec4 v0000022904709200_0, 0, 64;
    %pushi/vec4 0, 0, 32; draw_string_vec4
    %pushi/vec4 0, 0, 32; draw_string_vec4
    %concat/vec4; draw_string_vec4
    %pushi/vec4 0, 0, 32; draw_string_vec4
    %concat/vec4; draw_string_vec4
    %pushi/vec4 0, 0, 32; draw_string_vec4
    %concat/vec4; draw_string_vec4
    %pushi/vec4 0, 0, 32; draw_string_vec4
    %concat/vec4; draw_string_vec4
    %pushi/vec4 0, 0, 32; draw_string_vec4
    %concat/vec4; draw_string_vec4
    %pushi/vec4 0, 0, 32; draw_string_vec4
    %concat/vec4; draw_string_vec4
    %pushi/vec4 0, 0, 32; draw_string_vec4
    %concat/vec4; draw_string_vec4
    %pushi/vec4 0, 0, 32; draw_string_vec4
    %concat/vec4; draw_string_vec4
    %pushi/vec4 1415934836, 0, 32; draw_string_vec4
    %concat/vec4; draw_string_vec4
    %pushi/vec4 540228128, 0, 32; draw_string_vec4
    %concat/vec4; draw_string_vec4
    %pushi/vec4 825110560, 0, 32; draw_string_vec4
    %concat/vec4; draw_string_vec4
    %pushi/vec4 790638894, 0, 32; draw_string_vec4
    %concat/vec4; draw_string_vec4
    %pushi/vec4 807413833, 0, 32; draw_string_vec4
    %concat/vec4; draw_string_vec4
    %pushi/vec4 1684369012, 0, 32; draw_string_vec4
    %concat/vec4; draw_string_vec4
    %pushi/vec4 1769240873, 0, 32; draw_string_vec4
    %concat/vec4; draw_string_vec4
    %store/vec4 v00000229047092a0_0, 0, 512;
    %fork TD_tb_fp_div.run_test, S_00000229047153d0;
    %join;
    %pushi/vec4 4290772992, 0, 34;
    %concati/vec4 0, 0, 30;
    %store/vec4 v000002290470a420_0, 0, 64;
    %pushi/vec4 2148532224, 0, 33;
    %concati/vec4 0, 0, 31;
    %store/vec4 v0000022904709020_0, 0, 64;
    %pushi/vec4 4283782485, 0, 34;
    %concati/vec4 357913941, 0, 30;
    %store/vec4 v0000022904709200_0, 0, 64;
    %pushi/vec4 0, 0, 32; draw_string_vec4
    %pushi/vec4 0, 0, 32; draw_string_vec4
    %concat/vec4; draw_string_vec4
    %pushi/vec4 0, 0, 32; draw_string_vec4
    %concat/vec4; draw_string_vec4
    %pushi/vec4 0, 0, 32; draw_string_vec4
    %concat/vec4; draw_string_vec4
    %pushi/vec4 0, 0, 32; draw_string_vec4
    %concat/vec4; draw_string_vec4
    %pushi/vec4 0, 0, 32; draw_string_vec4
    %concat/vec4; draw_string_vec4
    %pushi/vec4 0, 0, 32; draw_string_vec4
    %concat/vec4; draw_string_vec4
    %pushi/vec4 21605, 0, 32; draw_string_vec4
    %concat/vec4; draw_string_vec4
    %pushi/vec4 1936990260, 0, 32; draw_string_vec4
    %concat/vec4; draw_string_vec4
    %pushi/vec4 975188270, 0, 32; draw_string_vec4
    %concat/vec4; draw_string_vec4
    %pushi/vec4 807415584, 0, 32; draw_string_vec4
    %concat/vec4; draw_string_vec4
    %pushi/vec4 858664992, 0, 32; draw_string_vec4
    %concat/vec4; draw_string_vec4
    %pushi/vec4 676491125, 0, 32; draw_string_vec4
    %concat/vec4; draw_string_vec4
    %pushi/vec4 1852074350, 0, 32; draw_string_vec4
    %concat/vec4; draw_string_vec4
    %pushi/vec4 1730175848, 0, 32; draw_string_vec4
    %concat/vec4; draw_string_vec4
    %pushi/vec4 1701014313, 0, 32; draw_string_vec4
    %concat/vec4; draw_string_vec4
    %store/vec4 v00000229047092a0_0, 0, 512;
    %fork TD_tb_fp_div.run_test, S_00000229047153d0;
    %join;
    %pushi/vec4 4290772992, 0, 34;
    %concati/vec4 0, 0, 30;
    %store/vec4 v000002290470a420_0, 0, 64;
    %pushi/vec4 2152202240, 0, 33;
    %concati/vec4 0, 0, 31;
    %store/vec4 v0000022904709020_0, 0, 64;
    %pushi/vec4 4276512358, 0, 34;
    %concati/vec4 429496730, 0, 30;
    %store/vec4 v0000022904709200_0, 0, 64;
    %pushi/vec4 0, 0, 32; draw_string_vec4
    %pushi/vec4 0, 0, 32; draw_string_vec4
    %concat/vec4; draw_string_vec4
    %pushi/vec4 0, 0, 32; draw_string_vec4
    %concat/vec4; draw_string_vec4
    %pushi/vec4 0, 0, 32; draw_string_vec4
    %concat/vec4; draw_string_vec4
    %pushi/vec4 0, 0, 32; draw_string_vec4
    %concat/vec4; draw_string_vec4
    %pushi/vec4 0, 0, 32; draw_string_vec4
    %concat/vec4; draw_string_vec4
    %pushi/vec4 0, 0, 32; draw_string_vec4
    %concat/vec4; draw_string_vec4
    %pushi/vec4 0, 0, 32; draw_string_vec4
    %concat/vec4; draw_string_vec4
    %pushi/vec4 21605, 0, 32; draw_string_vec4
    %concat/vec4; draw_string_vec4
    %pushi/vec4 1936990261, 0, 32; draw_string_vec4
    %concat/vec4; draw_string_vec4
    %pushi/vec4 975188270, 0, 32; draw_string_vec4
    %concat/vec4; draw_string_vec4
    %pushi/vec4 807415584, 0, 32; draw_string_vec4
    %concat/vec4; draw_string_vec4
    %pushi/vec4 825241136, 0, 32; draw_string_vec4
    %concat/vec4; draw_string_vec4
    %pushi/vec4 539512946, 0, 32; draw_string_vec4
    %concat/vec4; draw_string_vec4
    %pushi/vec4 1701013875, 0, 32; draw_string_vec4
    %concat/vec4; draw_string_vec4
    %pushi/vec4 1768910377, 0, 32; draw_string_vec4
    %concat/vec4; draw_string_vec4
    %store/vec4 v00000229047092a0_0, 0, 512;
    %fork TD_tb_fp_div.run_test, S_00000229047153d0;
    %join;
    %pushi/vec4 2150105088, 0, 33;
    %concati/vec4 0, 0, 31;
    %store/vec4 v000002290470a420_0, 0, 64;
    %pushi/vec4 0, 0, 64;
    %store/vec4 v0000022904709020_0, 0, 64;
    %pushi/vec4 4292870144, 0, 33;
    %concati/vec4 0, 0, 31;
    %store/vec4 v0000022904709200_0, 0, 64;
    %pushi/vec4 0, 0, 32; draw_string_vec4
    %pushi/vec4 0, 0, 32; draw_string_vec4
    %concat/vec4; draw_string_vec4
    %pushi/vec4 0, 0, 32; draw_string_vec4
    %concat/vec4; draw_string_vec4
    %pushi/vec4 0, 0, 32; draw_string_vec4
    %concat/vec4; draw_string_vec4
    %pushi/vec4 0, 0, 32; draw_string_vec4
    %concat/vec4; draw_string_vec4
    %pushi/vec4 0, 0, 32; draw_string_vec4
    %concat/vec4; draw_string_vec4
    %pushi/vec4 21605, 0, 32; draw_string_vec4
    %concat/vec4; draw_string_vec4
    %pushi/vec4 1936990262, 0, 32; draw_string_vec4
    %concat/vec4; draw_string_vec4
    %pushi/vec4 975189294, 0, 32; draw_string_vec4
    %concat/vec4; draw_string_vec4
    %pushi/vec4 807415584, 0, 32; draw_string_vec4
    %concat/vec4; draw_string_vec4
    %pushi/vec4 808333344, 0, 32; draw_string_vec4
    %concat/vec4; draw_string_vec4
    %pushi/vec4 675572086, 0, 32; draw_string_vec4
    %concat/vec4; draw_string_vec4
    %pushi/vec4 543324448, 0, 32; draw_string_vec4
    %concat/vec4; draw_string_vec4
    %pushi/vec4 1516597871, 0, 32; draw_string_vec4
    %concat/vec4; draw_string_vec4
    %pushi/vec4 539835936, 0, 32; draw_string_vec4
    %concat/vec4; draw_string_vec4
    %pushi/vec4 1231971881, 0, 32; draw_string_vec4
    %concat/vec4; draw_string_vec4
    %store/vec4 v00000229047092a0_0, 0, 512;
    %fork TD_tb_fp_div.run_test, S_00000229047153d0;
    %join;
    %pushi/vec4 0, 0, 64;
    %store/vec4 v000002290470a420_0, 0, 64;
    %pushi/vec4 2150105088, 0, 33;
    %concati/vec4 0, 0, 31;
    %store/vec4 v0000022904709020_0, 0, 64;
    %pushi/vec4 0, 0, 64;
    %store/vec4 v0000022904709200_0, 0, 64;
    %pushi/vec4 0, 0, 32; draw_string_vec4
    %pushi/vec4 0, 0, 32; draw_string_vec4
    %concat/vec4; draw_string_vec4
    %pushi/vec4 0, 0, 32; draw_string_vec4
    %concat/vec4; draw_string_vec4
    %pushi/vec4 0, 0, 32; draw_string_vec4
    %concat/vec4; draw_string_vec4
    %pushi/vec4 0, 0, 32; draw_string_vec4
    %concat/vec4; draw_string_vec4
    %pushi/vec4 0, 0, 32; draw_string_vec4
    %concat/vec4; draw_string_vec4
    %pushi/vec4 0, 0, 32; draw_string_vec4
    %concat/vec4; draw_string_vec4
    %pushi/vec4 21605, 0, 32; draw_string_vec4
    %concat/vec4; draw_string_vec4
    %pushi/vec4 1936990263, 0, 32; draw_string_vec4
    %concat/vec4; draw_string_vec4
    %pushi/vec4 975188014, 0, 32; draw_string_vec4
    %concat/vec4; draw_string_vec4
    %pushi/vec4 807415584, 0, 32; draw_string_vec4
    %concat/vec4; draw_string_vec4
    %pushi/vec4 892219424, 0, 32; draw_string_vec4
    %concat/vec4; draw_string_vec4
    %pushi/vec4 677012850, 0, 32; draw_string_vec4
    %concat/vec4; draw_string_vec4
    %pushi/vec4 1864388213, 0, 32; draw_string_vec4
    %concat/vec4; draw_string_vec4
    %pushi/vec4 1835364961, 0, 32; draw_string_vec4
    %concat/vec4; draw_string_vec4
    %pushi/vec4 1953460777, 0, 32; draw_string_vec4
    %concat/vec4; draw_string_vec4
    %store/vec4 v00000229047092a0_0, 0, 512;
    %fork TD_tb_fp_div.run_test, S_00000229047153d0;
    %join;
    %pushi/vec4 0, 0, 64;
    %store/vec4 v000002290470a420_0, 0, 64;
    %pushi/vec4 0, 0, 64;
    %store/vec4 v0000022904709020_0, 0, 64;
    %pushi/vec4 4293918720, 0, 33;
    %concati/vec4 1, 0, 31;
    %store/vec4 v0000022904709200_0, 0, 64;
    %pushi/vec4 0, 0, 32; draw_string_vec4
    %pushi/vec4 0, 0, 32; draw_string_vec4
    %concat/vec4; draw_string_vec4
    %pushi/vec4 0, 0, 32; draw_string_vec4
    %concat/vec4; draw_string_vec4
    %pushi/vec4 0, 0, 32; draw_string_vec4
    %concat/vec4; draw_string_vec4
    %pushi/vec4 0, 0, 32; draw_string_vec4
    %concat/vec4; draw_string_vec4
    %pushi/vec4 0, 0, 32; draw_string_vec4
    %concat/vec4; draw_string_vec4
    %pushi/vec4 0, 0, 32; draw_string_vec4
    %concat/vec4; draw_string_vec4
    %pushi/vec4 21605, 0, 32; draw_string_vec4
    %concat/vec4; draw_string_vec4
    %pushi/vec4 1936990264, 0, 32; draw_string_vec4
    %concat/vec4; draw_string_vec4
    %pushi/vec4 975188014, 0, 32; draw_string_vec4
    %concat/vec4; draw_string_vec4
    %pushi/vec4 807415584, 0, 32; draw_string_vec4
    %concat/vec4; draw_string_vec4
    %pushi/vec4 808333344, 0, 32; draw_string_vec4
    %concat/vec4; draw_string_vec4
    %pushi/vec4 675901046, 0, 32; draw_string_vec4
    %concat/vec4; draw_string_vec4
    %pushi/vec4 1634494820, 0, 32; draw_string_vec4
    %concat/vec4; draw_string_vec4
    %pushi/vec4 539835936, 0, 32; draw_string_vec4
    %concat/vec4; draw_string_vec4
    %pushi/vec4 1314999849, 0, 32; draw_string_vec4
    %concat/vec4; draw_string_vec4
    %store/vec4 v00000229047092a0_0, 0, 512;
    %fork TD_tb_fp_div.run_test, S_00000229047153d0;
    %join;
    %pushi/vec4 2150105088, 0, 33;
    %concati/vec4 0, 0, 31;
    %store/vec4 v000002290470a420_0, 0, 64;
    %pushi/vec4 4292870144, 0, 33;
    %concati/vec4 0, 0, 31;
    %store/vec4 v0000022904709020_0, 0, 64;
    %pushi/vec4 0, 0, 64;
    %store/vec4 v0000022904709200_0, 0, 64;
    %pushi/vec4 0, 0, 32; draw_string_vec4
    %pushi/vec4 0, 0, 32; draw_string_vec4
    %concat/vec4; draw_string_vec4
    %pushi/vec4 0, 0, 32; draw_string_vec4
    %concat/vec4; draw_string_vec4
    %pushi/vec4 0, 0, 32; draw_string_vec4
    %concat/vec4; draw_string_vec4
    %pushi/vec4 0, 0, 32; draw_string_vec4
    %concat/vec4; draw_string_vec4
    %pushi/vec4 0, 0, 32; draw_string_vec4
    %concat/vec4; draw_string_vec4
    %pushi/vec4 0, 0, 32; draw_string_vec4
    %concat/vec4; draw_string_vec4
    %pushi/vec4 5530995, 0, 32; draw_string_vec4
    %concat/vec4; draw_string_vec4
    %pushi/vec4 1948268858, 0, 32; draw_string_vec4
    %concat/vec4; draw_string_vec4
    %pushi/vec4 540356144, 0, 32; draw_string_vec4
    %concat/vec4; draw_string_vec4
    %pushi/vec4 539959369, 0, 32; draw_string_vec4
    %concat/vec4; draw_string_vec4
    %pushi/vec4 1852186664, 0, 32; draw_string_vec4
    %concat/vec4; draw_string_vec4
    %pushi/vec4 1147762208, 0, 32; draw_string_vec4
    %concat/vec4; draw_string_vec4
    %pushi/vec4 1652105289, 0, 32; draw_string_vec4
    %concat/vec4; draw_string_vec4
    %pushi/vec4 1852186669, 0, 32; draw_string_vec4
    %concat/vec4; draw_string_vec4
    %pushi/vec4 1042296873, 0, 32; draw_string_vec4
    %concat/vec4; draw_string_vec4
    %store/vec4 v00000229047092a0_0, 0, 512;
    %fork TD_tb_fp_div.run_test, S_00000229047153d0;
    %join;
    %pushi/vec4 4292870144, 0, 33;
    %concati/vec4 0, 0, 31;
    %store/vec4 v000002290470a420_0, 0, 64;
    %pushi/vec4 4292870144, 0, 33;
    %concati/vec4 0, 0, 31;
    %store/vec4 v0000022904709020_0, 0, 64;
    %pushi/vec4 4293918720, 0, 33;
    %concati/vec4 1, 0, 31;
    %store/vec4 v0000022904709200_0, 0, 64;
    %pushi/vec4 0, 0, 32; draw_string_vec4
    %pushi/vec4 0, 0, 32; draw_string_vec4
    %concat/vec4; draw_string_vec4
    %pushi/vec4 0, 0, 32; draw_string_vec4
    %concat/vec4; draw_string_vec4
    %pushi/vec4 0, 0, 32; draw_string_vec4
    %concat/vec4; draw_string_vec4
    %pushi/vec4 0, 0, 32; draw_string_vec4
    %concat/vec4; draw_string_vec4
    %pushi/vec4 0, 0, 32; draw_string_vec4
    %concat/vec4; draw_string_vec4
    %pushi/vec4 0, 0, 32; draw_string_vec4
    %concat/vec4; draw_string_vec4
    %pushi/vec4 5530995, 0, 32; draw_string_vec4
    %concat/vec4; draw_string_vec4
    %pushi/vec4 1948266800, 0, 32; draw_string_vec4
    %concat/vec4; draw_string_vec4
    %pushi/vec4 975194478, 0, 32; draw_string_vec4
    %concat/vec4; draw_string_vec4
    %pushi/vec4 1713385248, 0, 32; draw_string_vec4
    %concat/vec4; draw_string_vec4
    %pushi/vec4 1231971872, 0, 32; draw_string_vec4
    %concat/vec4; draw_string_vec4
    %pushi/vec4 675901046, 0, 32; draw_string_vec4
    %concat/vec4; draw_string_vec4
    %pushi/vec4 1634494820, 0, 32; draw_string_vec4
    %concat/vec4; draw_string_vec4
    %pushi/vec4 539835936, 0, 32; draw_string_vec4
    %concat/vec4; draw_string_vec4
    %pushi/vec4 1314999849, 0, 32; draw_string_vec4
    %concat/vec4; draw_string_vec4
    %store/vec4 v00000229047092a0_0, 0, 512;
    %fork TD_tb_fp_div.run_test, S_00000229047153d0;
    %join;
    %pushi/vec4 4293918720, 0, 33;
    %concati/vec4 1, 0, 31;
    %store/vec4 v000002290470a420_0, 0, 64;
    %pushi/vec4 2150105088, 0, 33;
    %concati/vec4 0, 0, 31;
    %store/vec4 v0000022904709020_0, 0, 64;
    %pushi/vec4 4293918720, 0, 33;
    %concati/vec4 1, 0, 31;
    %store/vec4 v0000022904709200_0, 0, 64;
    %pushi/vec4 0, 0, 32; draw_string_vec4
    %pushi/vec4 0, 0, 32; draw_string_vec4
    %concat/vec4; draw_string_vec4
    %pushi/vec4 0, 0, 32; draw_string_vec4
    %concat/vec4; draw_string_vec4
    %pushi/vec4 0, 0, 32; draw_string_vec4
    %concat/vec4; draw_string_vec4
    %pushi/vec4 0, 0, 32; draw_string_vec4
    %concat/vec4; draw_string_vec4
    %pushi/vec4 0, 0, 32; draw_string_vec4
    %concat/vec4; draw_string_vec4
    %pushi/vec4 0, 0, 32; draw_string_vec4
    %concat/vec4; draw_string_vec4
    %pushi/vec4 1415934836, 0, 32; draw_string_vec4
    %concat/vec4; draw_string_vec4
    %pushi/vec4 540094778, 0, 32; draw_string_vec4
    %concat/vec4; draw_string_vec4
    %pushi/vec4 542007630, 0, 32; draw_string_vec4
    %concat/vec4; draw_string_vec4
    %pushi/vec4 539959349, 0, 32; draw_string_vec4
    %concat/vec4; draw_string_vec4
    %pushi/vec4 774905896, 0, 32; draw_string_vec4
    %concat/vec4; draw_string_vec4
    %pushi/vec4 1314999840, 0, 32; draw_string_vec4
    %concat/vec4; draw_string_vec4
    %pushi/vec4 1349676912, 0, 32; draw_string_vec4
    %concat/vec4; draw_string_vec4
    %pushi/vec4 1634165108, 0, 32; draw_string_vec4
    %concat/vec4; draw_string_vec4
    %pushi/vec4 1768910377, 0, 32; draw_string_vec4
    %concat/vec4; draw_string_vec4
    %store/vec4 v00000229047092a0_0, 0, 512;
    %fork TD_tb_fp_div.run_test, S_00000229047153d0;
    %join;
    %pushi/vec4 2147483648, 0, 43;
    %concati/vec4 0, 0, 21;
    %store/vec4 v000002290470a420_0, 0, 64;
    %pushi/vec4 2355101696, 0, 33;
    %concati/vec4 0, 0, 31;
    %store/vec4 v0000022904709020_0, 0, 64;
    %pushi/vec4 0, 0, 64;
    %store/vec4 v0000022904709200_0, 0, 64;
    %pushi/vec4 0, 0, 32; draw_string_vec4
    %pushi/vec4 0, 0, 32; draw_string_vec4
    %concat/vec4; draw_string_vec4
    %pushi/vec4 0, 0, 32; draw_string_vec4
    %concat/vec4; draw_string_vec4
    %pushi/vec4 0, 0, 32; draw_string_vec4
    %concat/vec4; draw_string_vec4
    %pushi/vec4 0, 0, 32; draw_string_vec4
    %concat/vec4; draw_string_vec4
    %pushi/vec4 21605, 0, 32; draw_string_vec4
    %concat/vec4; draw_string_vec4
    %pushi/vec4 1936990257, 0, 32; draw_string_vec4
    %concat/vec4; draw_string_vec4
    %pushi/vec4 842670157, 0, 32; draw_string_vec4
    %concat/vec4; draw_string_vec4
    %pushi/vec4 1768841038, 0, 32; draw_string_vec4
    %concat/vec4; draw_string_vec4
    %pushi/vec4 1869770016, 0, 32; draw_string_vec4
    %concat/vec4; draw_string_vec4
    %pushi/vec4 790645857, 0, 32; draw_string_vec4
    %concat/vec4; draw_string_vec4
    %pushi/vec4 1919378720, 0, 32; draw_string_vec4
    %concat/vec4; draw_string_vec4
    %pushi/vec4 676687460, 0, 32; draw_string_vec4
    %concat/vec4; draw_string_vec4
    %pushi/vec4 1701996140, 0, 32; draw_string_vec4
    %concat/vec4; draw_string_vec4
    %pushi/vec4 1870077997, 0, 32; draw_string_vec4
    %concat/vec4; draw_string_vec4
    %pushi/vec4 1042296873, 0, 32; draw_string_vec4
    %concat/vec4; draw_string_vec4
    %store/vec4 v00000229047092a0_0, 0, 512;
    %fork TD_tb_fp_div.run_test, S_00000229047153d0;
    %join;
    %vpi_call 2 159 "$display", "================== Stop Test fp_div_64 ==================" {0 0 0};
    %delay 20000, 0;
    %vpi_call 2 161 "$finish" {0 0 0};
    %end;
    .thread T_4;
# The file index is used to find the file name in the following table.
:file_names 7;
    "N/A";
    "<interactive>";
    ".\tb\tb_fp_div.v";
    ".\src\fp_div.v";
    ".\src\common\fp_decomposer.v";
    ".\src\common\fp_recomposer.v";
    ".\src\common\fp_rounder.v";
