#! /c/Source/iverilog-install/bin/vvp
:ivl_version "12.0 (devel)" "(s20150603-1539-g2693dd32b)";
:ivl_delay_selection "TYPICAL";
:vpi_time_precision - 12;
:vpi_module "E:\code\FPCalculator\tool\iverilog\lib\ivl\system.vpi";
:vpi_module "E:\code\FPCalculator\tool\iverilog\lib\ivl\vhdl_sys.vpi";
:vpi_module "E:\code\FPCalculator\tool\iverilog\lib\ivl\vhdl_textio.vpi";
:vpi_module "E:\code\FPCalculator\tool\iverilog\lib\ivl\v2005_math.vpi";
:vpi_module "E:\code\FPCalculator\tool\iverilog\lib\ivl\va_math.vpi";
S_0000024ea2b99840 .scope module, "tb_fp_to_int" "tb_fp_to_int" 2 3;
 .timescale -9 -12;
v0000024ea2bf9b40_0 .var "tb_fp_in", 63 0;
v0000024ea2bf9140_0 .net "tb_int_out", 63 0, v0000024ea2bf9e60_0;  1 drivers
S_0000024ea2ba7d20 .scope task, "run_test" "run_test" 2 17, 2 17 0, S_0000024ea2b99840;
 .timescale -9 -12;
v0000024ea2b922d0_0 .var "expected_int", 63 0;
v0000024ea2b92ff0_0 .var "fp_val", 63 0;
v0000024ea2b92370_0 .var "test_name", 511 0;
TD_tb_fp_to_int.run_test ;
    %load/vec4 v0000024ea2b92ff0_0;
    %store/vec4 v0000024ea2bf9b40_0, 0, 64;
    %delay 10000, 0;
    %load/vec4 v0000024ea2bf9140_0;
    %load/vec4 v0000024ea2b922d0_0;
    %cmp/e;
    %jmp/0xz  T_0.0, 6;
    %load/vec4 v0000024ea2bf9140_0;
    %vpi_call 2 31 "$display", "PASS: %-45s. In=%h, Got=%h (Dec:%0d)", v0000024ea2b92370_0, v0000024ea2b92ff0_0, v0000024ea2bf9140_0, S<0,vec4,s64> {1 0 0};
    %jmp T_0.1;
T_0.0 ;
    %vpi_call 2 34 "$display", "FAIL: %-45s. Expected=%h, Got=%h", v0000024ea2b92370_0, v0000024ea2b922d0_0, v0000024ea2bf9140_0 {0 0 0};
    %load/vec4 v0000024ea2b922d0_0;
    %load/vec4 v0000024ea2bf9140_0;
    %vpi_call 2 35 "$display", "      Expected Dec: %0d, Got Dec: %0d", S<1,vec4,s64>, S<0,vec4,s64> {2 0 0};
T_0.1 ;
    %delay 10000, 0;
    %end;
S_0000024ea2b80160 .scope module, "uut" "fp_to_int" 2 10, 3 9 0, S_0000024ea2b99840;
 .timescale 0 0;
    .port_info 0 /INPUT 64 "fp_in";
    .port_info 1 /OUTPUT 64 "int_out";
P_0000024ea2b9f570 .param/l "MAX_INT" 1 3 126, C4<0111111111111111111111111111111111111111111111111111111111111111>;
P_0000024ea2b9f5a8 .param/l "MIN_INT" 1 3 127, C4<1000000000000000000000000000000000000000000000000000000000000000>;
v0000024ea2bf9820_0 .net *"_ivl_7", 61 0, L_0000024ea2c0c060;  1 drivers
v0000024ea2bfa220_0 .var "abs_int_large", 63 0;
v0000024ea2bf98c0_0 .net "abs_int_small", 53 0, L_0000024ea2c0b8e0;  1 drivers
v0000024ea2bf9960_0 .var "abs_result", 63 0;
v0000024ea2bf9aa0_0 .net/s "exponent", 11 0, L_0000024ea2bfa4a0;  1 drivers
v0000024ea2bf9dc0_0 .net "fp_in", 63 0, v0000024ea2bf9b40_0;  1 drivers
v0000024ea2bf9e60_0 .var "int_out", 63 0;
v0000024ea2bfa5e0_0 .net "is_inf", 0 0, L_0000024ea2b620f0;  1 drivers
v0000024ea2bf9c80_0 .net "is_nan", 0 0, L_0000024ea2b61d70;  1 drivers
v0000024ea2bf9640_0 .net "mantissa", 52 0, L_0000024ea2c0bd40;  1 drivers
v0000024ea2bf9280_0 .var "r_shift_amt", 6 0;
v0000024ea2bf9be0_0 .net "rounder_carry", 0 0, L_0000024ea2c0ba20;  1 drivers
v0000024ea2bf9000_0 .net "rounder_g", 0 0, L_0000024ea2c0c1a0;  1 drivers
v0000024ea2bfad60_0 .net "rounder_mant_in", 52 0, L_0000024ea2c0ce20;  1 drivers
v0000024ea2bfa7c0_0 .net "rounder_mant_out", 52 0, L_0000024ea2c0b020;  1 drivers
v0000024ea2bfa2c0_0 .net "rounder_r", 0 0, L_0000024ea2c0c560;  1 drivers
v0000024ea2bfa900_0 .net "rounder_s", 0 0, L_0000024ea2c0b7a0;  1 drivers
v0000024ea2bf9320_0 .var "shifted_mant", 116 0;
v0000024ea2bf9500_0 .net "sign", 0 0, L_0000024ea2b61f30;  1 drivers
E_0000024ea2b8f100/0 .event anyedge, v0000024ea2b93130_0, v0000024ea2b93090_0, v0000024ea2b93810_0, v0000024ea2b920f0_0;
E_0000024ea2b8f100/1 .event anyedge, v0000024ea2b934f0_0, v0000024ea2bf9960_0;
E_0000024ea2b8f100 .event/or E_0000024ea2b8f100/0, E_0000024ea2b8f100/1;
E_0000024ea2b8fe00 .event anyedge, v0000024ea2b920f0_0, v0000024ea2bfa220_0, v0000024ea2bf98c0_0;
E_0000024ea2b8ff80 .event anyedge, v0000024ea2b920f0_0, v0000024ea2b934f0_0;
E_0000024ea2b8f1c0 .event anyedge, v0000024ea2b920f0_0, v0000024ea2b934f0_0, v0000024ea2bf9280_0;
L_0000024ea2c0ce20 .part v0000024ea2bf9320_0, 64, 53;
L_0000024ea2c0c1a0 .part v0000024ea2bf9320_0, 63, 1;
L_0000024ea2c0c560 .part v0000024ea2bf9320_0, 62, 1;
L_0000024ea2c0c060 .part v0000024ea2bf9320_0, 0, 62;
L_0000024ea2c0b7a0 .reduce/or L_0000024ea2c0c060;
L_0000024ea2c0b8e0 .concat [ 53 1 0 0], L_0000024ea2c0b020, L_0000024ea2c0ba20;
S_0000024ea2b802f0 .scope module, "u_decomposer" "fp_decomposer" 3 24, 4 6 0, S_0000024ea2b80160;
 .timescale 0 0;
    .port_info 0 /INPUT 64 "fp_in";
    .port_info 1 /OUTPUT 1 "sign";
    .port_info 2 /OUTPUT 12 "exponent";
    .port_info 3 /OUTPUT 53 "mantissa";
    .port_info 4 /OUTPUT 1 "is_nan";
    .port_info 5 /OUTPUT 1 "is_inf";
    .port_info 6 /OUTPUT 1 "is_zero";
    .port_info 7 /OUTPUT 1 "is_denormalized";
P_0000024ea2b7d310 .param/l "EXP_ALL_ONES" 1 4 26, C4<11111111111>;
P_0000024ea2b7d348 .param/l "EXP_ALL_ZEROS" 1 4 25, C4<00000000000>;
P_0000024ea2b7d380 .param/l "EXP_BIAS" 1 4 27, +C4<0001111111111>;
L_0000024ea2b61de0 .functor OR 1, L_0000024ea2bf96e0, L_0000024ea2bf93c0, C4<0>, C4<0>;
L_0000024ea2b61d70 .functor AND 1, L_0000024ea2bf9f00, L_0000024ea2bfacc0, C4<1>, C4<1>;
L_0000024ea2b620f0 .functor AND 1, L_0000024ea2bfa720, L_0000024ea2bfa860, C4<1>, C4<1>;
L_0000024ea2b627f0 .functor AND 1, L_0000024ea2bfa040, L_0000024ea2bfa860, C4<1>, C4<1>;
L_0000024ea2b61ec0 .functor AND 1, L_0000024ea2bfa0e0, L_0000024ea2bfa360, C4<1>, C4<1>;
L_0000024ea2b61f30 .functor BUFZ 1, L_0000024ea2bfac20, C4<0>, C4<0>, C4<0>;
L_0000024ea2f600d0 .functor BUFT 1, C4<11111111111>, C4<0>, C4<0>, C4<0>;
v0000024ea2b93270_0 .net/2u *"_ivl_10", 10 0, L_0000024ea2f600d0;  1 drivers
v0000024ea2b933b0_0 .net *"_ivl_12", 0 0, L_0000024ea2bf93c0;  1 drivers
L_0000024ea2f60118 .functor BUFT 1, C4<0000000000000000000000000000000000000000000000000000>, C4<0>, C4<0>, C4<0>;
v0000024ea2b92410_0 .net/2u *"_ivl_16", 51 0, L_0000024ea2f60118;  1 drivers
L_0000024ea2f60160 .functor BUFT 1, C4<11111111111>, C4<0>, C4<0>, C4<0>;
v0000024ea2b924b0_0 .net/2u *"_ivl_20", 10 0, L_0000024ea2f60160;  1 drivers
v0000024ea2b93c70_0 .net *"_ivl_22", 0 0, L_0000024ea2bf9f00;  1 drivers
v0000024ea2b92a50_0 .net *"_ivl_25", 0 0, L_0000024ea2bfacc0;  1 drivers
L_0000024ea2f601a8 .functor BUFT 1, C4<11111111111>, C4<0>, C4<0>, C4<0>;
v0000024ea2b93a90_0 .net/2u *"_ivl_28", 10 0, L_0000024ea2f601a8;  1 drivers
v0000024ea2b92550_0 .net *"_ivl_30", 0 0, L_0000024ea2bfa720;  1 drivers
L_0000024ea2f601f0 .functor BUFT 1, C4<00000000000>, C4<0>, C4<0>, C4<0>;
v0000024ea2b925f0_0 .net/2u *"_ivl_34", 10 0, L_0000024ea2f601f0;  1 drivers
v0000024ea2b92690_0 .net *"_ivl_36", 0 0, L_0000024ea2bfa040;  1 drivers
L_0000024ea2f60238 .functor BUFT 1, C4<00000000000>, C4<0>, C4<0>, C4<0>;
v0000024ea2b92910_0 .net/2u *"_ivl_40", 10 0, L_0000024ea2f60238;  1 drivers
v0000024ea2b93bd0_0 .net *"_ivl_42", 0 0, L_0000024ea2bfa0e0;  1 drivers
v0000024ea2b93db0_0 .net *"_ivl_45", 0 0, L_0000024ea2bfa360;  1 drivers
L_0000024ea2f60280 .functor BUFT 1, C4<1110000000010>, C4<0>, C4<0>, C4<0>;
v0000024ea2b936d0_0 .net/2s *"_ivl_50", 12 0, L_0000024ea2f60280;  1 drivers
L_0000024ea2f602c8 .functor BUFT 1, C4<0000000000000>, C4<0>, C4<0>, C4<0>;
v0000024ea2b92050_0 .net/2s *"_ivl_52", 12 0, L_0000024ea2f602c8;  1 drivers
L_0000024ea2f60310 .functor BUFT 1, C4<00>, C4<0>, C4<0>, C4<0>;
v0000024ea2b927d0_0 .net/2u *"_ivl_54", 1 0, L_0000024ea2f60310;  1 drivers
v0000024ea2b92730_0 .net *"_ivl_56", 12 0, L_0000024ea2bf9460;  1 drivers
L_0000024ea2f60358 .functor BUFT 1, C4<0001111111111>, C4<0>, C4<0>, C4<0>;
v0000024ea2b92870_0 .net/2s *"_ivl_58", 12 0, L_0000024ea2f60358;  1 drivers
L_0000024ea2f60088 .functor BUFT 1, C4<00000000000>, C4<0>, C4<0>, C4<0>;
v0000024ea2b93950_0 .net/2u *"_ivl_6", 10 0, L_0000024ea2f60088;  1 drivers
v0000024ea2b92e10_0 .net/s *"_ivl_60", 12 0, L_0000024ea2bfaea0;  1 drivers
v0000024ea2b92d70_0 .net *"_ivl_62", 12 0, L_0000024ea2bfa540;  1 drivers
v0000024ea2b93ef0_0 .net *"_ivl_64", 12 0, L_0000024ea2bfa400;  1 drivers
L_0000024ea2f603a0 .functor BUFT 1, C4<0>, C4<0>, C4<0>, C4<0>;
v0000024ea2b929b0_0 .net/2u *"_ivl_68", 0 0, L_0000024ea2f603a0;  1 drivers
v0000024ea2b92af0_0 .net *"_ivl_70", 52 0, L_0000024ea2c0be80;  1 drivers
L_0000024ea2f603e8 .functor BUFT 1, C4<00000000000000000000000000000000000000000000000000000>, C4<0>, C4<0>, C4<0>;
v0000024ea2b92c30_0 .net/2u *"_ivl_72", 52 0, L_0000024ea2f603e8;  1 drivers
L_0000024ea2f60430 .functor BUFT 1, C4<1>, C4<0>, C4<0>, C4<0>;
v0000024ea2b92b90_0 .net/2u *"_ivl_74", 0 0, L_0000024ea2f60430;  1 drivers
v0000024ea2b92cd0_0 .net *"_ivl_76", 52 0, L_0000024ea2c0b480;  1 drivers
v0000024ea2b93e50_0 .net *"_ivl_78", 52 0, L_0000024ea2c0b700;  1 drivers
v0000024ea2b93d10_0 .net *"_ivl_8", 0 0, L_0000024ea2bf96e0;  1 drivers
v0000024ea2b920f0_0 .net/s "exponent", 11 0, L_0000024ea2bfa4a0;  alias, 1 drivers
v0000024ea2b92eb0_0 .net "fp_in", 63 0, v0000024ea2bf9b40_0;  alias, 1 drivers
v0000024ea2b92f50_0 .net "is_denormalized", 0 0, L_0000024ea2b61ec0;  1 drivers
v0000024ea2b93090_0 .net "is_inf", 0 0, L_0000024ea2b620f0;  alias, 1 drivers
v0000024ea2b92190_0 .net "is_mantissa_zero", 0 0, L_0000024ea2bfa860;  1 drivers
v0000024ea2b93130_0 .net "is_nan", 0 0, L_0000024ea2b61d70;  alias, 1 drivers
v0000024ea2b93310_0 .net "is_special_exp", 0 0, L_0000024ea2b61de0;  1 drivers
v0000024ea2b93450_0 .net "is_zero", 0 0, L_0000024ea2b627f0;  1 drivers
v0000024ea2b934f0_0 .net "mantissa", 52 0, L_0000024ea2c0bd40;  alias, 1 drivers
v0000024ea2b93590_0 .net "raw_exponent", 10 0, L_0000024ea2bf9d20;  1 drivers
v0000024ea2b93630_0 .net "raw_mantissa", 51 0, L_0000024ea2bfae00;  1 drivers
v0000024ea2b93770_0 .net "raw_sign", 0 0, L_0000024ea2bfac20;  1 drivers
v0000024ea2b93810_0 .net "sign", 0 0, L_0000024ea2b61f30;  alias, 1 drivers
L_0000024ea2bfac20 .part v0000024ea2bf9b40_0, 63, 1;
L_0000024ea2bf9d20 .part v0000024ea2bf9b40_0, 52, 11;
L_0000024ea2bfae00 .part v0000024ea2bf9b40_0, 0, 52;
L_0000024ea2bf96e0 .cmp/eq 11, L_0000024ea2bf9d20, L_0000024ea2f60088;
L_0000024ea2bf93c0 .cmp/eq 11, L_0000024ea2bf9d20, L_0000024ea2f600d0;
L_0000024ea2bfa860 .cmp/eq 52, L_0000024ea2bfae00, L_0000024ea2f60118;
L_0000024ea2bf9f00 .cmp/eq 11, L_0000024ea2bf9d20, L_0000024ea2f60160;
L_0000024ea2bfacc0 .reduce/nor L_0000024ea2bfa860;
L_0000024ea2bfa720 .cmp/eq 11, L_0000024ea2bf9d20, L_0000024ea2f601a8;
L_0000024ea2bfa040 .cmp/eq 11, L_0000024ea2bf9d20, L_0000024ea2f601f0;
L_0000024ea2bfa0e0 .cmp/eq 11, L_0000024ea2bf9d20, L_0000024ea2f60238;
L_0000024ea2bfa360 .reduce/nor L_0000024ea2bfa860;
L_0000024ea2bf9460 .concat [ 11 2 0 0], L_0000024ea2bf9d20, L_0000024ea2f60310;
L_0000024ea2bfaea0 .arith/sub 13, L_0000024ea2bf9460, L_0000024ea2f60358;
L_0000024ea2bfa540 .functor MUXZ 13, L_0000024ea2bfaea0, L_0000024ea2f602c8, L_0000024ea2b61de0, C4<>;
L_0000024ea2bfa400 .functor MUXZ 13, L_0000024ea2bfa540, L_0000024ea2f60280, L_0000024ea2b61ec0, C4<>;
L_0000024ea2bfa4a0 .part L_0000024ea2bfa400, 0, 12;
L_0000024ea2c0be80 .concat [ 52 1 0 0], L_0000024ea2bfae00, L_0000024ea2f603a0;
L_0000024ea2c0b480 .concat [ 52 1 0 0], L_0000024ea2bfae00, L_0000024ea2f60430;
L_0000024ea2c0b700 .functor MUXZ 53, L_0000024ea2c0b480, L_0000024ea2f603e8, L_0000024ea2b61de0, C4<>;
L_0000024ea2c0bd40 .functor MUXZ 53, L_0000024ea2c0b700, L_0000024ea2c0be80, L_0000024ea2b61ec0, C4<>;
S_0000024ea2b7e2d0 .scope module, "u_rounder" "fp_rounder" 3 78, 5 6 0, S_0000024ea2b80160;
 .timescale 0 0;
    .port_info 0 /INPUT 53 "mant_in";
    .port_info 1 /INPUT 1 "g";
    .port_info 2 /INPUT 1 "r";
    .port_info 3 /INPUT 1 "s";
    .port_info 4 /OUTPUT 53 "mant_out";
    .port_info 5 /OUTPUT 1 "carry_out";
L_0000024ea2b61fa0 .functor OR 1, L_0000024ea2c0c560, L_0000024ea2c0b7a0, C4<0>, C4<0>;
L_0000024ea2b62320 .functor OR 1, L_0000024ea2b61fa0, L_0000024ea2c0bc00, C4<0>, C4<0>;
L_0000024ea2b621d0 .functor AND 1, L_0000024ea2c0c1a0, L_0000024ea2b62320, C4<1>, C4<1>;
v0000024ea2b939f0_0 .net *"_ivl_10", 53 0, L_0000024ea2c0bf20;  1 drivers
v0000024ea2b93b30_0 .net *"_ivl_12", 53 0, L_0000024ea2c0cc40;  1 drivers
L_0000024ea2f604c0 .functor BUFT 1, C4<00000000000000000000000000000000000000000000000000000>, C4<0>, C4<0>, C4<0>;
v0000024ea2b938b0_0 .net *"_ivl_15", 52 0, L_0000024ea2f604c0;  1 drivers
v0000024ea2bfaae0_0 .net *"_ivl_2", 0 0, L_0000024ea2b61fa0;  1 drivers
v0000024ea2bfa9a0_0 .net *"_ivl_4", 0 0, L_0000024ea2b62320;  1 drivers
L_0000024ea2f60478 .functor BUFT 1, C4<0>, C4<0>, C4<0>, C4<0>;
v0000024ea2bf9fa0_0 .net/2u *"_ivl_8", 0 0, L_0000024ea2f60478;  1 drivers
v0000024ea2bfaa40_0 .net "carry_out", 0 0, L_0000024ea2c0ba20;  alias, 1 drivers
v0000024ea2bf9780_0 .net "g", 0 0, L_0000024ea2c0c1a0;  alias, 1 drivers
v0000024ea2bfab80_0 .net "lsb", 0 0, L_0000024ea2c0bc00;  1 drivers
v0000024ea2bf91e0_0 .net "mant_in", 52 0, L_0000024ea2c0ce20;  alias, 1 drivers
v0000024ea2bf90a0_0 .net "mant_out", 52 0, L_0000024ea2c0b020;  alias, 1 drivers
v0000024ea2bfa680_0 .net "r", 0 0, L_0000024ea2c0c560;  alias, 1 drivers
v0000024ea2bf95a0_0 .net "round_decision", 0 0, L_0000024ea2b621d0;  1 drivers
v0000024ea2bfa180_0 .net "rounded_result", 53 0, L_0000024ea2c0cec0;  1 drivers
v0000024ea2bf9a00_0 .net "s", 0 0, L_0000024ea2c0b7a0;  alias, 1 drivers
L_0000024ea2c0bc00 .part L_0000024ea2c0ce20, 0, 1;
L_0000024ea2c0bf20 .concat [ 53 1 0 0], L_0000024ea2c0ce20, L_0000024ea2f60478;
L_0000024ea2c0cc40 .concat [ 1 53 0 0], L_0000024ea2b621d0, L_0000024ea2f604c0;
L_0000024ea2c0cec0 .arith/sum 54, L_0000024ea2c0bf20, L_0000024ea2c0cc40;
L_0000024ea2c0b020 .part L_0000024ea2c0cec0, 0, 53;
L_0000024ea2c0ba20 .part L_0000024ea2c0cec0, 53, 1;
    .scope S_0000024ea2b80160;
T_1 ;
    %wait E_0000024ea2b8f1c0;
    %load/vec4 v0000024ea2bf9aa0_0;
    %pad/s 32;
    %cmpi/s 52, 0, 32;
    %flag_or 5, 4;
    %flag_get/vec4 5;
    %jmp/0 T_1.2, 5;
    %pushi/vec4 4294967236, 0, 32;
    %load/vec4 v0000024ea2bf9aa0_0;
    %pad/s 32;
    %cmp/s;
    %flag_get/vec4 4;
    %flag_get/vec4 5;
    %or;
    %and;
T_1.2;
    %flag_set/vec4 8;
    %jmp/0xz  T_1.0, 8;
    %pushi/vec4 52, 0, 7;
    %load/vec4 v0000024ea2bf9aa0_0;
    %parti/s 7, 0, 2;
    %sub;
    %store/vec4 v0000024ea2bf9280_0, 0, 7;
    %jmp T_1.1;
T_1.0 ;
    %load/vec4 v0000024ea2bf9aa0_0;
    %pad/s 32;
    %cmpi/s 4294967236, 0, 32;
    %jmp/0xz  T_1.3, 5;
    %pushi/vec4 116, 0, 7;
    %store/vec4 v0000024ea2bf9280_0, 0, 7;
    %jmp T_1.4;
T_1.3 ;
    %pushi/vec4 0, 0, 7;
    %store/vec4 v0000024ea2bf9280_0, 0, 7;
T_1.4 ;
T_1.1 ;
    %load/vec4 v0000024ea2bf9640_0;
    %concati/vec4 0, 0, 64;
    %ix/getv 4, v0000024ea2bf9280_0;
    %shiftr 4;
    %store/vec4 v0000024ea2bf9320_0, 0, 117;
    %jmp T_1;
    .thread T_1, $push;
    .scope S_0000024ea2b80160;
T_2 ;
    %wait E_0000024ea2b8ff80;
    %load/vec4 v0000024ea2bf9aa0_0;
    %pad/s 32;
    %cmpi/s 52, 0, 32;
    %flag_or 5, 4; GT is !LE
    %flag_inv 5;
    %flag_get/vec4 5;
    %jmp/0 T_2.2, 5;
    %load/vec4 v0000024ea2bf9aa0_0;
    %pad/s 32;
    %cmpi/s 116, 0, 32;
    %flag_get/vec4 5;
    %and;
T_2.2;
    %flag_set/vec4 8;
    %jmp/0xz  T_2.0, 8;
    %pushi/vec4 0, 0, 11;
    %load/vec4 v0000024ea2bf9640_0;
    %concat/vec4; draw_concat_vec4
    %load/vec4 v0000024ea2bf9aa0_0;
    %pad/s 32;
    %subi 52, 0, 32;
    %ix/vec4 4;
    %shiftl 4;
    %store/vec4 v0000024ea2bfa220_0, 0, 64;
    %jmp T_2.1;
T_2.0 ;
    %pushi/vec4 4294967295, 0, 32;
    %concati/vec4 4294967295, 0, 32;
    %store/vec4 v0000024ea2bfa220_0, 0, 64;
T_2.1 ;
    %jmp T_2;
    .thread T_2, $push;
    .scope S_0000024ea2b80160;
T_3 ;
    %wait E_0000024ea2b8fe00;
    %load/vec4 v0000024ea2bf9aa0_0;
    %pad/s 32;
    %cmpi/s 52, 0, 32;
    %flag_or 5, 4; GT is !LE
    %flag_inv 5;
    %jmp/0xz  T_3.0, 5;
    %load/vec4 v0000024ea2bfa220_0;
    %store/vec4 v0000024ea2bf9960_0, 0, 64;
    %jmp T_3.1;
T_3.0 ;
    %pushi/vec4 0, 0, 10;
    %load/vec4 v0000024ea2bf98c0_0;
    %concat/vec4; draw_concat_vec4
    %store/vec4 v0000024ea2bf9960_0, 0, 64;
T_3.1 ;
    %jmp T_3;
    .thread T_3, $push;
    .scope S_0000024ea2b80160;
T_4 ;
    %wait E_0000024ea2b8f100;
    %load/vec4 v0000024ea2bf9c80_0;
    %flag_set/vec4 8;
    %jmp/0xz  T_4.0, 8;
    %pushi/vec4 0, 0, 64;
    %store/vec4 v0000024ea2bf9e60_0, 0, 64;
    %jmp T_4.1;
T_4.0 ;
    %load/vec4 v0000024ea2bfa5e0_0;
    %flag_set/vec4 8;
    %jmp/0xz  T_4.2, 8;
    %load/vec4 v0000024ea2bf9500_0;
    %flag_set/vec4 8;
    %jmp/0 T_4.4, 8;
    %pushi/vec4 2147483648, 0, 32;
    %concati/vec4 0, 0, 32;
    %jmp/1 T_4.5, 8;
T_4.4 ; End of true expr.
    %pushi/vec4 4294967295, 0, 33;
    %concati/vec4 2147483647, 0, 31;
    %jmp/0 T_4.5, 8;
 ; End of false expr.
    %blend;
T_4.5;
    %store/vec4 v0000024ea2bf9e60_0, 0, 64;
    %jmp T_4.3;
T_4.2 ;
    %load/vec4 v0000024ea2bf9aa0_0;
    %pad/s 32;
    %cmpi/s 63, 0, 32;
    %flag_inv 5; GE is !LT
    %jmp/0xz  T_4.6, 5;
    %load/vec4 v0000024ea2bf9500_0;
    %flag_set/vec4 10;
    %flag_get/vec4 10;
    %jmp/0 T_4.11, 10;
    %load/vec4 v0000024ea2bf9aa0_0;
    %pad/s 32;
    %pushi/vec4 63, 0, 32;
    %cmp/e;
    %flag_get/vec4 4;
    %and;
T_4.11;
    %flag_set/vec4 9;
    %flag_get/vec4 9;
    %jmp/0 T_4.10, 9;
    %load/vec4 v0000024ea2bf9640_0;
    %pushi/vec4 2147483648, 0, 32;
    %concati/vec4 0, 0, 21;
    %cmp/e;
    %flag_get/vec4 4;
    %and;
T_4.10;
    %flag_set/vec4 8;
    %jmp/0xz  T_4.8, 8;
    %pushi/vec4 2147483648, 0, 32;
    %concati/vec4 0, 0, 32;
    %store/vec4 v0000024ea2bf9e60_0, 0, 64;
    %jmp T_4.9;
T_4.8 ;
    %load/vec4 v0000024ea2bf9500_0;
    %flag_set/vec4 8;
    %jmp/0 T_4.12, 8;
    %pushi/vec4 2147483648, 0, 32;
    %concati/vec4 0, 0, 32;
    %jmp/1 T_4.13, 8;
T_4.12 ; End of true expr.
    %pushi/vec4 4294967295, 0, 33;
    %concati/vec4 2147483647, 0, 31;
    %jmp/0 T_4.13, 8;
 ; End of false expr.
    %blend;
T_4.13;
    %store/vec4 v0000024ea2bf9e60_0, 0, 64;
T_4.9 ;
    %jmp T_4.7;
T_4.6 ;
    %load/vec4 v0000024ea2bf9960_0;
    %parti/s 1, 63, 7;
    %flag_set/vec4 8;
    %jmp/0xz  T_4.14, 8;
    %load/vec4 v0000024ea2bf9500_0;
    %flag_set/vec4 9;
    %flag_get/vec4 9;
    %jmp/0 T_4.18, 9;
    %load/vec4 v0000024ea2bf9960_0;
    %pushi/vec4 2147483648, 0, 32;
    %concati/vec4 0, 0, 32;
    %cmp/e;
    %flag_get/vec4 4;
    %and;
T_4.18;
    %flag_set/vec4 8;
    %jmp/0xz  T_4.16, 8;
    %pushi/vec4 2147483648, 0, 32;
    %concati/vec4 0, 0, 32;
    %store/vec4 v0000024ea2bf9e60_0, 0, 64;
    %jmp T_4.17;
T_4.16 ;
    %load/vec4 v0000024ea2bf9500_0;
    %flag_set/vec4 8;
    %jmp/0 T_4.19, 8;
    %pushi/vec4 2147483648, 0, 32;
    %concati/vec4 0, 0, 32;
    %jmp/1 T_4.20, 8;
T_4.19 ; End of true expr.
    %pushi/vec4 4294967295, 0, 33;
    %concati/vec4 2147483647, 0, 31;
    %jmp/0 T_4.20, 8;
 ; End of false expr.
    %blend;
T_4.20;
    %store/vec4 v0000024ea2bf9e60_0, 0, 64;
T_4.17 ;
    %jmp T_4.15;
T_4.14 ;
    %load/vec4 v0000024ea2bf9500_0;
    %flag_set/vec4 8;
    %jmp/0 T_4.21, 8;
    %load/vec4 v0000024ea2bf9960_0;
    %inv;
    %pushi/vec4 1, 0, 64;
    %add;
    %jmp/1 T_4.22, 8;
T_4.21 ; End of true expr.
    %load/vec4 v0000024ea2bf9960_0;
    %jmp/0 T_4.22, 8;
 ; End of false expr.
    %blend;
T_4.22;
    %store/vec4 v0000024ea2bf9e60_0, 0, 64;
T_4.15 ;
T_4.7 ;
T_4.3 ;
T_4.1 ;
    %jmp T_4;
    .thread T_4, $push;
    .scope S_0000024ea2b99840;
T_5 ;
    %pushi/vec4 0, 0, 64;
    %store/vec4 v0000024ea2bf9b40_0, 0, 64;
    %vpi_call 2 49 "$dumpfile", "./vcd/tb_fp_to_int.vcd" {0 0 0};
    %vpi_call 2 50 "$dumpvars", 32'sb00000000000000000000000000000000, S_0000024ea2b99840 {0 0 0};
    %vpi_call 2 52 "$display", "================== Start Test fp_to_int (Round to Nearest Even) ==================" {0 0 0};
    %delay 10000, 0;
    %pushi/vec4 4290772992, 0, 34;
    %concati/vec4 0, 0, 30;
    %store/vec4 v0000024ea2b92ff0_0, 0, 64;
    %pushi/vec4 1, 0, 64;
    %store/vec4 v0000024ea2b922d0_0, 0, 64;
    %pushi/vec4 0, 0, 32; draw_string_vec4
    %pushi/vec4 0, 0, 32; draw_string_vec4
    %concat/vec4; draw_string_vec4
    %pushi/vec4 0, 0, 32; draw_string_vec4
    %concat/vec4; draw_string_vec4
    %pushi/vec4 0, 0, 32; draw_string_vec4
    %concat/vec4; draw_string_vec4
    %pushi/vec4 0, 0, 32; draw_string_vec4
    %concat/vec4; draw_string_vec4
    %pushi/vec4 0, 0, 32; draw_string_vec4
    %concat/vec4; draw_string_vec4
    %pushi/vec4 0, 0, 32; draw_string_vec4
    %concat/vec4; draw_string_vec4
    %pushi/vec4 0, 0, 32; draw_string_vec4
    %concat/vec4; draw_string_vec4
    %pushi/vec4 0, 0, 32; draw_string_vec4
    %concat/vec4; draw_string_vec4
    %pushi/vec4 0, 0, 32; draw_string_vec4
    %concat/vec4; draw_string_vec4
    %pushi/vec4 0, 0, 32; draw_string_vec4
    %concat/vec4; draw_string_vec4
    %pushi/vec4 0, 0, 32; draw_string_vec4
    %concat/vec4; draw_string_vec4
    %pushi/vec4 1415934836, 0, 32; draw_string_vec4
    %concat/vec4; draw_string_vec4
    %pushi/vec4 540097056, 0, 32; draw_string_vec4
    %concat/vec4; draw_string_vec4
    %pushi/vec4 825110560, 0, 32; draw_string_vec4
    %concat/vec4; draw_string_vec4
    %pushi/vec4 759046193, 0, 32; draw_string_vec4
    %concat/vec4; draw_string_vec4
    %store/vec4 v0000024ea2b92370_0, 0, 512;
    %fork TD_tb_fp_to_int.run_test, S_0000024ea2ba7d20;
    %join;
    %pushi/vec4 3220176896, 0, 32;
    %concati/vec4 0, 0, 32;
    %store/vec4 v0000024ea2b92ff0_0, 0, 64;
    %pushi/vec4 4294967295, 0, 32;
    %concati/vec4 4294967295, 0, 32;
    %store/vec4 v0000024ea2b922d0_0, 0, 64;
    %pushi/vec4 0, 0, 32; draw_string_vec4
    %pushi/vec4 0, 0, 32; draw_string_vec4
    %concat/vec4; draw_string_vec4
    %pushi/vec4 0, 0, 32; draw_string_vec4
    %concat/vec4; draw_string_vec4
    %pushi/vec4 0, 0, 32; draw_string_vec4
    %concat/vec4; draw_string_vec4
    %pushi/vec4 0, 0, 32; draw_string_vec4
    %concat/vec4; draw_string_vec4
    %pushi/vec4 0, 0, 32; draw_string_vec4
    %concat/vec4; draw_string_vec4
    %pushi/vec4 0, 0, 32; draw_string_vec4
    %concat/vec4; draw_string_vec4
    %pushi/vec4 0, 0, 32; draw_string_vec4
    %concat/vec4; draw_string_vec4
    %pushi/vec4 0, 0, 32; draw_string_vec4
    %concat/vec4; draw_string_vec4
    %pushi/vec4 0, 0, 32; draw_string_vec4
    %concat/vec4; draw_string_vec4
    %pushi/vec4 0, 0, 32; draw_string_vec4
    %concat/vec4; draw_string_vec4
    %pushi/vec4 21605, 0, 32; draw_string_vec4
    %concat/vec4; draw_string_vec4
    %pushi/vec4 1936990258, 0, 32; draw_string_vec4
    %concat/vec4; draw_string_vec4
    %pushi/vec4 975187249, 0, 32; draw_string_vec4
    %concat/vec4; draw_string_vec4
    %pushi/vec4 774905901, 0, 32; draw_string_vec4
    %concat/vec4; draw_string_vec4
    %pushi/vec4 1042296113, 0, 32; draw_string_vec4
    %concat/vec4; draw_string_vec4
    %store/vec4 v0000024ea2b92370_0, 0, 512;
    %fork TD_tb_fp_to_int.run_test, S_0000024ea2ba7d20;
    %join;
    %pushi/vec4 0, 0, 64;
    %store/vec4 v0000024ea2b92ff0_0, 0, 64;
    %pushi/vec4 0, 0, 64;
    %store/vec4 v0000024ea2b922d0_0, 0, 64;
    %pushi/vec4 0, 0, 32; draw_string_vec4
    %pushi/vec4 0, 0, 32; draw_string_vec4
    %concat/vec4; draw_string_vec4
    %pushi/vec4 0, 0, 32; draw_string_vec4
    %concat/vec4; draw_string_vec4
    %pushi/vec4 0, 0, 32; draw_string_vec4
    %concat/vec4; draw_string_vec4
    %pushi/vec4 0, 0, 32; draw_string_vec4
    %concat/vec4; draw_string_vec4
    %pushi/vec4 0, 0, 32; draw_string_vec4
    %concat/vec4; draw_string_vec4
    %pushi/vec4 0, 0, 32; draw_string_vec4
    %concat/vec4; draw_string_vec4
    %pushi/vec4 0, 0, 32; draw_string_vec4
    %concat/vec4; draw_string_vec4
    %pushi/vec4 0, 0, 32; draw_string_vec4
    %concat/vec4; draw_string_vec4
    %pushi/vec4 0, 0, 32; draw_string_vec4
    %concat/vec4; draw_string_vec4
    %pushi/vec4 0, 0, 32; draw_string_vec4
    %concat/vec4; draw_string_vec4
    %pushi/vec4 0, 0, 32; draw_string_vec4
    %concat/vec4; draw_string_vec4
    %pushi/vec4 1415934836, 0, 32; draw_string_vec4
    %concat/vec4; draw_string_vec4
    %pushi/vec4 540228128, 0, 32; draw_string_vec4
    %concat/vec4; draw_string_vec4
    %pushi/vec4 808333344, 0, 32; draw_string_vec4
    %concat/vec4; draw_string_vec4
    %pushi/vec4 759046192, 0, 32; draw_string_vec4
    %concat/vec4; draw_string_vec4
    %store/vec4 v0000024ea2b92370_0, 0, 512;
    %fork TD_tb_fp_to_int.run_test, S_0000024ea2ba7d20;
    %join;
    %pushi/vec4 4291611852, 0, 34;
    %concati/vec4 858993459, 0, 30;
    %store/vec4 v0000024ea2b92ff0_0, 0, 64;
    %pushi/vec4 1, 0, 64;
    %store/vec4 v0000024ea2b922d0_0, 0, 64;
    %pushi/vec4 0, 0, 32; draw_string_vec4
    %pushi/vec4 0, 0, 32; draw_string_vec4
    %concat/vec4; draw_string_vec4
    %pushi/vec4 0, 0, 32; draw_string_vec4
    %concat/vec4; draw_string_vec4
    %pushi/vec4 0, 0, 32; draw_string_vec4
    %concat/vec4; draw_string_vec4
    %pushi/vec4 0, 0, 32; draw_string_vec4
    %concat/vec4; draw_string_vec4
    %pushi/vec4 0, 0, 32; draw_string_vec4
    %concat/vec4; draw_string_vec4
    %pushi/vec4 0, 0, 32; draw_string_vec4
    %concat/vec4; draw_string_vec4
    %pushi/vec4 0, 0, 32; draw_string_vec4
    %concat/vec4; draw_string_vec4
    %pushi/vec4 84, 0, 32; draw_string_vec4
    %concat/vec4; draw_string_vec4
    %pushi/vec4 1702065184, 0, 32; draw_string_vec4
    %concat/vec4; draw_string_vec4
    %pushi/vec4 876224561, 0, 32; draw_string_vec4
    %concat/vec4; draw_string_vec4
    %pushi/vec4 775036973, 0, 32; draw_string_vec4
    %concat/vec4; draw_string_vec4
    %pushi/vec4 1042297120, 0, 32; draw_string_vec4
    %concat/vec4; draw_string_vec4
    %pushi/vec4 676491125, 0, 32; draw_string_vec4
    %concat/vec4; draw_string_vec4
    %pushi/vec4 1852055620, 0, 32; draw_string_vec4
    %concat/vec4; draw_string_vec4
    %pushi/vec4 1870097961, 0, 32; draw_string_vec4
    %concat/vec4; draw_string_vec4
    %store/vec4 v0000024ea2b92370_0, 0, 512;
    %fork TD_tb_fp_to_int.run_test, S_0000024ea2ba7d20;
    %join;
    %pushi/vec4 4294128435, 0, 34;
    %concati/vec4 214748365, 0, 30;
    %store/vec4 v0000024ea2b92ff0_0, 0, 64;
    %pushi/vec4 2, 0, 64;
    %store/vec4 v0000024ea2b922d0_0, 0, 64;
    %pushi/vec4 0, 0, 32; draw_string_vec4
    %pushi/vec4 0, 0, 32; draw_string_vec4
    %concat/vec4; draw_string_vec4
    %pushi/vec4 0, 0, 32; draw_string_vec4
    %concat/vec4; draw_string_vec4
    %pushi/vec4 0, 0, 32; draw_string_vec4
    %concat/vec4; draw_string_vec4
    %pushi/vec4 0, 0, 32; draw_string_vec4
    %concat/vec4; draw_string_vec4
    %pushi/vec4 0, 0, 32; draw_string_vec4
    %concat/vec4; draw_string_vec4
    %pushi/vec4 0, 0, 32; draw_string_vec4
    %concat/vec4; draw_string_vec4
    %pushi/vec4 0, 0, 32; draw_string_vec4
    %concat/vec4; draw_string_vec4
    %pushi/vec4 0, 0, 32; draw_string_vec4
    %concat/vec4; draw_string_vec4
    %pushi/vec4 5530995, 0, 32; draw_string_vec4
    %concat/vec4; draw_string_vec4
    %pushi/vec4 1948267834, 0, 32; draw_string_vec4
    %concat/vec4; draw_string_vec4
    %pushi/vec4 540094008, 0, 32; draw_string_vec4
    %concat/vec4; draw_string_vec4
    %pushi/vec4 539835936, 0, 32; draw_string_vec4
    %concat/vec4; draw_string_vec4
    %pushi/vec4 840968274, 0, 32; draw_string_vec4
    %concat/vec4; draw_string_vec4
    %pushi/vec4 1869966948, 0, 32; draw_string_vec4
    %concat/vec4; draw_string_vec4
    %pushi/vec4 542470185, 0, 32; draw_string_vec4
    %concat/vec4; draw_string_vec4
    %store/vec4 v0000024ea2b92370_0, 0, 512;
    %fork TD_tb_fp_to_int.run_test, S_0000024ea2ba7d20;
    %join;
    %pushi/vec4 2148007936, 0, 33;
    %concati/vec4 0, 0, 31;
    %store/vec4 v0000024ea2b92ff0_0, 0, 64;
    %pushi/vec4 2, 0, 64;
    %store/vec4 v0000024ea2b922d0_0, 0, 64;
    %pushi/vec4 0, 0, 32; draw_string_vec4
    %pushi/vec4 0, 0, 32; draw_string_vec4
    %concat/vec4; draw_string_vec4
    %pushi/vec4 0, 0, 32; draw_string_vec4
    %concat/vec4; draw_string_vec4
    %pushi/vec4 0, 0, 32; draw_string_vec4
    %concat/vec4; draw_string_vec4
    %pushi/vec4 0, 0, 32; draw_string_vec4
    %concat/vec4; draw_string_vec4
    %pushi/vec4 84, 0, 32; draw_string_vec4
    %concat/vec4; draw_string_vec4
    %pushi/vec4 1702065184, 0, 32; draw_string_vec4
    %concat/vec4; draw_string_vec4
    %pushi/vec4 909778994, 0, 32; draw_string_vec4
    %concat/vec4; draw_string_vec4
    %pushi/vec4 775233581, 0, 32; draw_string_vec4
    %concat/vec4; draw_string_vec4
    %pushi/vec4 1042297376, 0, 32; draw_string_vec4
    %concat/vec4; draw_string_vec4
    %pushi/vec4 676620645, 0, 32; draw_string_vec4
    %concat/vec4; draw_string_vec4
    %pushi/vec4 761426533, 0, 32; draw_string_vec4
    %concat/vec4; draw_string_vec4
    %pushi/vec4 1634410612, 0, 32; draw_string_vec4
    %concat/vec4; draw_string_vec4
    %pushi/vec4 1864385910, 0, 32; draw_string_vec4
    %concat/vec4; draw_string_vec4
    %pushi/vec4 1701716036, 0, 32; draw_string_vec4
    %concat/vec4; draw_string_vec4
    %pushi/vec4 1870097961, 0, 32; draw_string_vec4
    %concat/vec4; draw_string_vec4
    %store/vec4 v0000024ea2b92370_0, 0, 512;
    %fork TD_tb_fp_to_int.run_test, S_0000024ea2ba7d20;
    %join;
    %pushi/vec4 4292870144, 0, 34;
    %concati/vec4 0, 0, 30;
    %store/vec4 v0000024ea2b92ff0_0, 0, 64;
    %pushi/vec4 2, 0, 64;
    %store/vec4 v0000024ea2b922d0_0, 0, 64;
    %pushi/vec4 0, 0, 32; draw_string_vec4
    %pushi/vec4 0, 0, 32; draw_string_vec4
    %concat/vec4; draw_string_vec4
    %pushi/vec4 0, 0, 32; draw_string_vec4
    %concat/vec4; draw_string_vec4
    %pushi/vec4 0, 0, 32; draw_string_vec4
    %concat/vec4; draw_string_vec4
    %pushi/vec4 0, 0, 32; draw_string_vec4
    %concat/vec4; draw_string_vec4
    %pushi/vec4 0, 0, 32; draw_string_vec4
    %concat/vec4; draw_string_vec4
    %pushi/vec4 5530995, 0, 32; draw_string_vec4
    %concat/vec4; draw_string_vec4
    %pushi/vec4 1948268346, 0, 32; draw_string_vec4
    %concat/vec4; draw_string_vec4
    %pushi/vec4 540094005, 0, 32; draw_string_vec4
    %concat/vec4; draw_string_vec4
    %pushi/vec4 539835936, 0, 32; draw_string_vec4
    %concat/vec4; draw_string_vec4
    %pushi/vec4 840968276, 0, 32; draw_string_vec4
    %concat/vec4; draw_string_vec4
    %pushi/vec4 1768238434, 0, 32; draw_string_vec4
    %concat/vec4; draw_string_vec4
    %pushi/vec4 1919246699, 0, 32; draw_string_vec4
    %concat/vec4; draw_string_vec4
    %pushi/vec4 544501536, 0, 32; draw_string_vec4
    %concat/vec4; draw_string_vec4
    %pushi/vec4 1165387118, 0, 32; draw_string_vec4
    %concat/vec4; draw_string_vec4
    %pushi/vec4 542470185, 0, 32; draw_string_vec4
    %concat/vec4; draw_string_vec4
    %store/vec4 v0000024ea2b92370_0, 0, 512;
    %fork TD_tb_fp_to_int.run_test, S_0000024ea2ba7d20;
    %join;
    %pushi/vec4 2149056512, 0, 33;
    %concati/vec4 0, 0, 31;
    %store/vec4 v0000024ea2b92ff0_0, 0, 64;
    %pushi/vec4 4, 0, 64;
    %store/vec4 v0000024ea2b922d0_0, 0, 64;
    %pushi/vec4 0, 0, 32; draw_string_vec4
    %pushi/vec4 0, 0, 32; draw_string_vec4
    %concat/vec4; draw_string_vec4
    %pushi/vec4 0, 0, 32; draw_string_vec4
    %concat/vec4; draw_string_vec4
    %pushi/vec4 0, 0, 32; draw_string_vec4
    %concat/vec4; draw_string_vec4
    %pushi/vec4 0, 0, 32; draw_string_vec4
    %concat/vec4; draw_string_vec4
    %pushi/vec4 0, 0, 32; draw_string_vec4
    %concat/vec4; draw_string_vec4
    %pushi/vec4 5530995, 0, 32; draw_string_vec4
    %concat/vec4; draw_string_vec4
    %pushi/vec4 1948268602, 0, 32; draw_string_vec4
    %concat/vec4; draw_string_vec4
    %pushi/vec4 540225077, 0, 32; draw_string_vec4
    %concat/vec4; draw_string_vec4
    %pushi/vec4 539835936, 0, 32; draw_string_vec4
    %concat/vec4; draw_string_vec4
    %pushi/vec4 874522708, 0, 32; draw_string_vec4
    %concat/vec4; draw_string_vec4
    %pushi/vec4 1768238434, 0, 32; draw_string_vec4
    %concat/vec4; draw_string_vec4
    %pushi/vec4 1919246699, 0, 32; draw_string_vec4
    %concat/vec4; draw_string_vec4
    %pushi/vec4 544501536, 0, 32; draw_string_vec4
    %concat/vec4; draw_string_vec4
    %pushi/vec4 1165387118, 0, 32; draw_string_vec4
    %concat/vec4; draw_string_vec4
    %pushi/vec4 542470185, 0, 32; draw_string_vec4
    %concat/vec4; draw_string_vec4
    %store/vec4 v0000024ea2b92370_0, 0, 512;
    %fork TD_tb_fp_to_int.run_test, S_0000024ea2ba7d20;
    %join;
    %pushi/vec4 3221487616, 0, 32;
    %concati/vec4 0, 0, 32;
    %store/vec4 v0000024ea2b92ff0_0, 0, 64;
    %pushi/vec4 4294967295, 0, 32;
    %concati/vec4 4294967294, 0, 32;
    %store/vec4 v0000024ea2b922d0_0, 0, 64;
    %pushi/vec4 0, 0, 32; draw_string_vec4
    %pushi/vec4 0, 0, 32; draw_string_vec4
    %concat/vec4; draw_string_vec4
    %pushi/vec4 0, 0, 32; draw_string_vec4
    %concat/vec4; draw_string_vec4
    %pushi/vec4 0, 0, 32; draw_string_vec4
    %concat/vec4; draw_string_vec4
    %pushi/vec4 0, 0, 32; draw_string_vec4
    %concat/vec4; draw_string_vec4
    %pushi/vec4 0, 0, 32; draw_string_vec4
    %concat/vec4; draw_string_vec4
    %pushi/vec4 5530995, 0, 32; draw_string_vec4
    %concat/vec4; draw_string_vec4
    %pushi/vec4 1948268858, 0, 32; draw_string_vec4
    %concat/vec4; draw_string_vec4
    %pushi/vec4 539832878, 0, 32; draw_string_vec4
    %concat/vec4; draw_string_vec4
    %pushi/vec4 891301182, 0, 32; draw_string_vec4
    %concat/vec4; draw_string_vec4
    %pushi/vec4 539832864, 0, 32; draw_string_vec4
    %concat/vec4; draw_string_vec4
    %pushi/vec4 676226407, 0, 32; draw_string_vec4
    %concat/vec4; draw_string_vec4
    %pushi/vec4 1635019126, 0, 32; draw_string_vec4
    %concat/vec4; draw_string_vec4
    %pushi/vec4 1696617577, 0, 32; draw_string_vec4
    %concat/vec4; draw_string_vec4
    %pushi/vec4 1697473138, 0, 32; draw_string_vec4
    %concat/vec4; draw_string_vec4
    %pushi/vec4 1700883241, 0, 32; draw_string_vec4
    %concat/vec4; draw_string_vec4
    %store/vec4 v0000024ea2b92370_0, 0, 512;
    %fork TD_tb_fp_to_int.run_test, S_0000024ea2ba7d20;
    %join;
    %pushi/vec4 4284900966, 0, 34;
    %concati/vec4 429496730, 0, 30;
    %store/vec4 v0000024ea2b92ff0_0, 0, 64;
    %pushi/vec4 0, 0, 64;
    %store/vec4 v0000024ea2b922d0_0, 0, 64;
    %pushi/vec4 0, 0, 32; draw_string_vec4
    %pushi/vec4 0, 0, 32; draw_string_vec4
    %concat/vec4; draw_string_vec4
    %pushi/vec4 0, 0, 32; draw_string_vec4
    %concat/vec4; draw_string_vec4
    %pushi/vec4 0, 0, 32; draw_string_vec4
    %concat/vec4; draw_string_vec4
    %pushi/vec4 0, 0, 32; draw_string_vec4
    %concat/vec4; draw_string_vec4
    %pushi/vec4 0, 0, 32; draw_string_vec4
    %concat/vec4; draw_string_vec4
    %pushi/vec4 0, 0, 32; draw_string_vec4
    %concat/vec4; draw_string_vec4
    %pushi/vec4 0, 0, 32; draw_string_vec4
    %concat/vec4; draw_string_vec4
    %pushi/vec4 1415934836, 0, 32; draw_string_vec4
    %concat/vec4; draw_string_vec4
    %pushi/vec4 540094522, 0, 32; draw_string_vec4
    %concat/vec4; draw_string_vec4
    %pushi/vec4 540028468, 0, 32; draw_string_vec4
    %concat/vec4; draw_string_vec4
    %pushi/vec4 539835936, 0, 32; draw_string_vec4
    %concat/vec4; draw_string_vec4
    %pushi/vec4 807413843, 0, 32; draw_string_vec4
    %concat/vec4; draw_string_vec4
    %pushi/vec4 1835101292, 0, 32; draw_string_vec4
    %concat/vec4; draw_string_vec4
    %pushi/vec4 542012781, 0, 32; draw_string_vec4
    %concat/vec4; draw_string_vec4
    %pushi/vec4 1650815529, 0, 32; draw_string_vec4
    %concat/vec4; draw_string_vec4
    %store/vec4 v0000024ea2b92370_0, 0, 512;
    %fork TD_tb_fp_to_int.run_test, S_0000024ea2ba7d20;
    %join;
    %pushi/vec4 2271215616, 0, 33;
    %concati/vec4 0, 0, 31;
    %store/vec4 v0000024ea2b92ff0_0, 0, 64;
    %pushi/vec4 2147483648, 0, 35;
    %concati/vec4 0, 0, 29;
    %store/vec4 v0000024ea2b922d0_0, 0, 64;
    %pushi/vec4 0, 0, 32; draw_string_vec4
    %pushi/vec4 0, 0, 32; draw_string_vec4
    %concat/vec4; draw_string_vec4
    %pushi/vec4 0, 0, 32; draw_string_vec4
    %concat/vec4; draw_string_vec4
    %pushi/vec4 0, 0, 32; draw_string_vec4
    %concat/vec4; draw_string_vec4
    %pushi/vec4 0, 0, 32; draw_string_vec4
    %concat/vec4; draw_string_vec4
    %pushi/vec4 0, 0, 32; draw_string_vec4
    %concat/vec4; draw_string_vec4
    %pushi/vec4 0, 0, 32; draw_string_vec4
    %concat/vec4; draw_string_vec4
    %pushi/vec4 0, 0, 32; draw_string_vec4
    %concat/vec4; draw_string_vec4
    %pushi/vec4 0, 0, 32; draw_string_vec4
    %concat/vec4; draw_string_vec4
    %pushi/vec4 1415934836, 0, 32; draw_string_vec4
    %concat/vec4; draw_string_vec4
    %pushi/vec4 540094778, 0, 32; draw_string_vec4
    %concat/vec4; draw_string_vec4
    %pushi/vec4 540171830, 0, 32; draw_string_vec4
    %concat/vec4; draw_string_vec4
    %pushi/vec4 807413836, 0, 32; draw_string_vec4
    %concat/vec4; draw_string_vec4
    %pushi/vec4 1634887525, 0, 32; draw_string_vec4
    %concat/vec4; draw_string_vec4
    %pushi/vec4 542012781, 0, 32; draw_string_vec4
    %concat/vec4; draw_string_vec4
    %pushi/vec4 1650815529, 0, 32; draw_string_vec4
    %concat/vec4; draw_string_vec4
    %store/vec4 v0000024ea2b92370_0, 0, 512;
    %fork TD_tb_fp_to_int.run_test, S_0000024ea2ba7d20;
    %join;
    %pushi/vec4 3283091456, 0, 32;
    %concati/vec4 0, 0, 32;
    %store/vec4 v0000024ea2b92ff0_0, 0, 64;
    %pushi/vec4 4026531840, 0, 32;
    %concati/vec4 0, 0, 32;
    %store/vec4 v0000024ea2b922d0_0, 0, 64;
    %pushi/vec4 0, 0, 32; draw_string_vec4
    %pushi/vec4 0, 0, 32; draw_string_vec4
    %concat/vec4; draw_string_vec4
    %pushi/vec4 0, 0, 32; draw_string_vec4
    %concat/vec4; draw_string_vec4
    %pushi/vec4 0, 0, 32; draw_string_vec4
    %concat/vec4; draw_string_vec4
    %pushi/vec4 0, 0, 32; draw_string_vec4
    %concat/vec4; draw_string_vec4
    %pushi/vec4 0, 0, 32; draw_string_vec4
    %concat/vec4; draw_string_vec4
    %pushi/vec4 21605, 0, 32; draw_string_vec4
    %concat/vec4; draw_string_vec4
    %pushi/vec4 1936990257, 0, 32; draw_string_vec4
    %concat/vec4; draw_string_vec4
    %pushi/vec4 842670125, 0, 32; draw_string_vec4
    %concat/vec4; draw_string_vec4
    %pushi/vec4 845035056, 0, 32; draw_string_vec4
    %concat/vec4; draw_string_vec4
    %pushi/vec4 539512421, 0, 32; draw_string_vec4
    %concat/vec4; draw_string_vec4
    %pushi/vec4 1734440041, 0, 32; draw_string_vec4
    %concat/vec4; draw_string_vec4
    %pushi/vec4 1986338892, 0, 32; draw_string_vec4
    %concat/vec4; draw_string_vec4
    %pushi/vec4 1634887525, 0, 32; draw_string_vec4
    %concat/vec4; draw_string_vec4
    %pushi/vec4 542012781, 0, 32; draw_string_vec4
    %concat/vec4; draw_string_vec4
    %pushi/vec4 1650815529, 0, 32; draw_string_vec4
    %concat/vec4; draw_string_vec4
    %store/vec4 v0000024ea2b92370_0, 0, 512;
    %fork TD_tb_fp_to_int.run_test, S_0000024ea2ba7d20;
    %join;
    %vpi_call 2 127 "$display", "================== Stop Test fp_to_int ==================" {0 0 0};
    %delay 20000, 0;
    %vpi_call 2 129 "$finish" {0 0 0};
    %end;
    .thread T_5;
# The file index is used to find the file name in the following table.
:file_names 6;
    "N/A";
    "<interactive>";
    ".\tb\tb_fp_to_int.v";
    ".\src\fp_to_int.v";
    ".\src\common\fp_decomposer.v";
    ".\src\common\fp_rounder.v";
