#! /c/Source/iverilog-install/bin/vvp
:ivl_version "12.0 (devel)" "(s20150603-1539-g2693dd32b)";
:ivl_delay_selection "TYPICAL";
:vpi_time_precision - 12;
:vpi_module "E:\code\FPCalculator\tool\iverilog\lib\ivl\system.vpi";
:vpi_module "E:\code\FPCalculator\tool\iverilog\lib\ivl\vhdl_sys.vpi";
:vpi_module "E:\code\FPCalculator\tool\iverilog\lib\ivl\vhdl_textio.vpi";
:vpi_module "E:\code\FPCalculator\tool\iverilog\lib\ivl\v2005_math.vpi";
:vpi_module "E:\code\FPCalculator\tool\iverilog\lib\ivl\va_math.vpi";
S_0000023158d44dc0 .scope module, "tb_int_to_fp" "tb_int_to_fp" 2 3;
 .timescale -9 -12;
v0000023158dd2a80_0 .var "tb_clk", 0 0;
v0000023158dd30c0_0 .net "tb_fp_out", 63 0, L_0000023158d63cb0;  1 drivers
v0000023158dd3480_0 .var "tb_int_in", 63 0;
S_0000023158d39870 .scope task, "run_test" "run_test" 2 21, 2 21 0, S_0000023158d44dc0;
 .timescale -9 -12;
v0000023158d6b070_0 .var "expected", 63 0;
v0000023158d6b1b0_0 .var "i_val", 63 0;
v0000023158d6bc50_0 .var "test_name", 511 0;
E_0000023158d6e410 .event posedge, v0000023158dd2a80_0;
TD_tb_int_to_fp.run_test ;
    %load/vec4 v0000023158d6b1b0_0;
    %store/vec4 v0000023158dd3480_0, 0, 64;
    %wait E_0000023158d6e410;
    %delay 1000, 0;
    %load/vec4 v0000023158dd30c0_0;
    %load/vec4 v0000023158d6b070_0;
    %cmp/e;
    %jmp/0xz  T_0.0, 6;
    %load/vec4 v0000023158d6b1b0_0;
    %vpi_call 2 37 "$display", "PASS: %-45s. In=%d (0x%h) -> Got=0x%h", v0000023158d6bc50_0, S<0,vec4,s64>, v0000023158d6b1b0_0, v0000023158dd30c0_0 {1 0 0};
    %jmp T_0.1;
T_0.0 ;
    %vpi_call 2 40 "$display", "FAIL: %-45s. In=0x%h, Expected=0x%h, Got=0x%h", v0000023158d6bc50_0, v0000023158d6b1b0_0, v0000023158d6b070_0, v0000023158dd30c0_0 {0 0 0};
T_0.1 ;
    %wait E_0000023158d6e410;
    %end;
S_0000023158d52b10 .scope module, "uut" "int_to_fp" 2 12, 3 8 0, S_0000023158d44dc0;
 .timescale 0 0;
    .port_info 0 /INPUT 64 "int_in";
    .port_info 1 /OUTPUT 64 "fp_out";
L_0000023158d64030 .functor NOT 64, v0000023158dd3480_0, C4<0000000000000000000000000000000000000000000000000000000000000000>, C4<0000000000000000000000000000000000000000000000000000000000000000>, C4<0000000000000000000000000000000000000000000000000000000000000000>;
L_00000231591400d0 .functor BUFT 1, C4<0000000000000000000000000000000000000000000000000000000000000000>, C4<0>, C4<0>, C4<0>;
v0000023158dd09d0_0 .net/2u *"_ivl_10", 63 0, L_00000231591400d0;  1 drivers
v0000023158dd0bb0_0 .net *"_ivl_2", 63 0, L_0000023158d64030;  1 drivers
v0000023158dd04d0_0 .net *"_ivl_23", 8 0, L_0000023158dd24e0;  1 drivers
L_00000231591401a8 .functor BUFT 1, C4<010000111110>, C4<0>, C4<0>, C4<0>;
v0000023158dd0570_0 .net/2u *"_ivl_26", 11 0, L_00000231591401a8;  1 drivers
L_00000231591401f0 .functor BUFT 1, C4<00000>, C4<0>, C4<0>, C4<0>;
v0000023158dd0750_0 .net/2u *"_ivl_28", 4 0, L_00000231591401f0;  1 drivers
v0000023158dd1650_0 .net *"_ivl_30", 11 0, L_0000023158dd35c0;  1 drivers
v0000023158dd1b50_0 .net *"_ivl_35", 10 0, L_0000023158dd3160;  1 drivers
L_0000023159140238 .functor BUFT 1, C4<0000000000>, C4<0>, C4<0>, C4<0>;
v0000023158dd0c50_0 .net/2u *"_ivl_36", 9 0, L_0000023159140238;  1 drivers
v0000023158dd1dd0_0 .net *"_ivl_38", 10 0, L_0000023158dd28a0;  1 drivers
L_0000023159140088 .functor BUFT 1, C4<0000000000000000000000000000000000000000000000000000000000000001>, C4<0>, C4<0>, C4<0>;
v0000023158dd0d90_0 .net/2u *"_ivl_4", 63 0, L_0000023159140088;  1 drivers
L_0000023159140280 .functor BUFT 1, C4<0000000000000000000000000000000000000000000000000000>, C4<0>, C4<0>, C4<0>;
v0000023158dd1e70_0 .net/2u *"_ivl_42", 51 0, L_0000023159140280;  1 drivers
v0000023158dd06b0_0 .net *"_ivl_45", 51 0, L_0000023158dd2bc0;  1 drivers
v0000023158dcffd0_0 .net *"_ivl_6", 63 0, L_0000023158dd3520;  1 drivers
v0000023158dd07f0_0 .net "abs_in", 63 0, L_0000023158dd2ee0;  1 drivers
v0000023158dd0890_0 .net "aligned_data", 63 0, L_0000023158dd2120;  1 drivers
v0000023158dd0a70_0 .net "exp_base", 11 0, L_0000023158dd2800;  1 drivers
v0000023158dd0e30_0 .net "final_exp", 10 0, L_0000023158dd32a0;  1 drivers
v0000023158dd0ed0_0 .net "final_mant", 51 0, L_0000023158dd2f80;  1 drivers
v0000023158dd26c0_0 .net "fp_out", 63 0, L_0000023158d63cb0;  alias, 1 drivers
v0000023158dd23a0_0 .net "guard_bit", 0 0, L_0000023158dd2440;  1 drivers
v0000023158dd37a0_0 .net "int_in", 63 0, v0000023158dd3480_0;  1 drivers
v0000023158dd3ca0_0 .net "is_input_zero", 0 0, L_0000023158dd2b20;  1 drivers
v0000023158dd3700_0 .net "lzc_count", 6 0, v0000023158d6bb10_0;  1 drivers
v0000023158dd3d40_0 .net "mant_pre_round", 52 0, L_0000023158dd3340;  1 drivers
v0000023158dd1fe0_0 .net "mant_rounded", 52 0, L_0000023158dd2620;  1 drivers
v0000023158dd2300_0 .net "round_bit", 0 0, L_0000023158dd2260;  1 drivers
v0000023158dd3de0_0 .net "round_carry", 0 0, L_0000023158dd21c0;  1 drivers
v0000023158dd2760_0 .net "sign", 0 0, L_0000023158dd3e80;  1 drivers
v0000023158dd2080_0 .net "sticky_bit", 0 0, L_0000023158dd3200;  1 drivers
L_0000023158dd3e80 .part v0000023158dd3480_0, 63, 1;
L_0000023158dd3520 .arith/sum 64, L_0000023158d64030, L_0000023159140088;
L_0000023158dd2ee0 .functor MUXZ 64, v0000023158dd3480_0, L_0000023158dd3520, L_0000023158dd3e80, C4<>;
L_0000023158dd2b20 .cmp/eq 64, v0000023158dd3480_0, L_00000231591400d0;
L_0000023158dd2120 .shift/l 64, L_0000023158dd2ee0, v0000023158d6bb10_0;
L_0000023158dd3340 .part L_0000023158dd2120, 11, 53;
L_0000023158dd2440 .part L_0000023158dd2120, 10, 1;
L_0000023158dd2260 .part L_0000023158dd2120, 9, 1;
L_0000023158dd24e0 .part L_0000023158dd2120, 0, 9;
L_0000023158dd3200 .reduce/or L_0000023158dd24e0;
L_0000023158dd35c0 .concat [ 7 5 0 0], v0000023158d6bb10_0, L_00000231591401f0;
L_0000023158dd2800 .arith/sub 12, L_00000231591401a8, L_0000023158dd35c0;
L_0000023158dd3160 .part L_0000023158dd2800, 0, 11;
L_0000023158dd28a0 .concat [ 1 10 0 0], L_0000023158dd21c0, L_0000023159140238;
L_0000023158dd32a0 .arith/sum 11, L_0000023158dd3160, L_0000023158dd28a0;
L_0000023158dd2bc0 .part L_0000023158dd2620, 0, 52;
L_0000023158dd2f80 .functor MUXZ 52, L_0000023158dd2bc0, L_0000023159140280, L_0000023158dd21c0, C4<>;
S_0000023158d52ca0 .scope module, "u_lzc" "lzc_64" 3 30, 4 6 0, S_0000023158d52b10;
 .timescale 0 0;
    .port_info 0 /INPUT 64 "data_in";
    .port_info 1 /OUTPUT 7 "count";
v0000023158d6bb10_0 .var "count", 6 0;
v0000023158dd1bf0_0 .net "data_in", 63 0, L_0000023158dd2ee0;  alias, 1 drivers
E_0000023158d6e7d0 .event anyedge, v0000023158dd1bf0_0;
S_0000023158d4db90 .scope function.vec4.s4, "lzc_8" "lzc_8" 4 48, 4 48 0, S_0000023158d52ca0;
 .timescale 0 0;
v0000023158d6b610_0 .var "d", 7 0;
; Variable lzc_8 is vec4 return value of scope S_0000023158d4db90
TD_tb_int_to_fp.uut.u_lzc.lzc_8 ;
    %load/vec4 v0000023158d6b610_0;
    %parti/s 1, 7, 4;
    %flag_set/vec4 8;
    %jmp/0xz  T_1.2, 8;
    %pushi/vec4 0, 0, 4;
    %ret/vec4 0, 0, 4;  Assign to lzc_8 (store_vec4_to_lval)
    %jmp T_1.3;
T_1.2 ;
    %load/vec4 v0000023158d6b610_0;
    %parti/s 1, 6, 4;
    %flag_set/vec4 8;
    %jmp/0xz  T_1.4, 8;
    %pushi/vec4 1, 0, 4;
    %ret/vec4 0, 0, 4;  Assign to lzc_8 (store_vec4_to_lval)
    %jmp T_1.5;
T_1.4 ;
    %load/vec4 v0000023158d6b610_0;
    %parti/s 1, 5, 4;
    %flag_set/vec4 8;
    %jmp/0xz  T_1.6, 8;
    %pushi/vec4 2, 0, 4;
    %ret/vec4 0, 0, 4;  Assign to lzc_8 (store_vec4_to_lval)
    %jmp T_1.7;
T_1.6 ;
    %load/vec4 v0000023158d6b610_0;
    %parti/s 1, 4, 4;
    %flag_set/vec4 8;
    %jmp/0xz  T_1.8, 8;
    %pushi/vec4 3, 0, 4;
    %ret/vec4 0, 0, 4;  Assign to lzc_8 (store_vec4_to_lval)
    %jmp T_1.9;
T_1.8 ;
    %load/vec4 v0000023158d6b610_0;
    %parti/s 1, 3, 3;
    %flag_set/vec4 8;
    %jmp/0xz  T_1.10, 8;
    %pushi/vec4 4, 0, 4;
    %ret/vec4 0, 0, 4;  Assign to lzc_8 (store_vec4_to_lval)
    %jmp T_1.11;
T_1.10 ;
    %load/vec4 v0000023158d6b610_0;
    %parti/s 1, 2, 3;
    %flag_set/vec4 8;
    %jmp/0xz  T_1.12, 8;
    %pushi/vec4 5, 0, 4;
    %ret/vec4 0, 0, 4;  Assign to lzc_8 (store_vec4_to_lval)
    %jmp T_1.13;
T_1.12 ;
    %load/vec4 v0000023158d6b610_0;
    %parti/s 1, 1, 2;
    %flag_set/vec4 8;
    %jmp/0xz  T_1.14, 8;
    %pushi/vec4 6, 0, 4;
    %ret/vec4 0, 0, 4;  Assign to lzc_8 (store_vec4_to_lval)
    %jmp T_1.15;
T_1.14 ;
    %load/vec4 v0000023158d6b610_0;
    %parti/s 1, 0, 2;
    %flag_set/vec4 8;
    %jmp/0xz  T_1.16, 8;
    %pushi/vec4 7, 0, 4;
    %ret/vec4 0, 0, 4;  Assign to lzc_8 (store_vec4_to_lval)
    %jmp T_1.17;
T_1.16 ;
    %pushi/vec4 8, 0, 4;
    %ret/vec4 0, 0, 4;  Assign to lzc_8 (store_vec4_to_lval)
T_1.17 ;
T_1.15 ;
T_1.13 ;
T_1.11 ;
T_1.9 ;
T_1.7 ;
T_1.5 ;
T_1.3 ;
    %end;
S_0000023158d4dd20 .scope module, "u_recomposer" "fp_recomposer" 3 90, 5 7 0, S_0000023158d52b10;
 .timescale 0 0;
    .port_info 0 /INPUT 1 "final_sign";
    .port_info 1 /INPUT 11 "final_exponent_field";
    .port_info 2 /INPUT 52 "final_mantissa_field";
    .port_info 3 /INPUT 1 "is_nan_out";
    .port_info 4 /INPUT 1 "is_inf_out";
    .port_info 5 /INPUT 1 "is_zero_out";
    .port_info 6 /OUTPUT 64 "fp_out";
L_0000023158d63310 .functor BUFT 64, L_0000023158dd3020, C4<0000000000000000000000000000000000000000000000000000000000000000>, C4<0000000000000000000000000000000000000000000000000000000000000000>, C4<0000000000000000000000000000000000000000000000000000000000000000>;
L_0000023158d63cb0 .functor BUFT 64, L_0000023158d63310, C4<0000000000000000000000000000000000000000000000000000000000000000>, C4<0000000000000000000000000000000000000000000000000000000000000000>, C4<0000000000000000000000000000000000000000000000000000000000000000>;
L_00000231591403a0 .functor BUFT 1, C4<0000000000000000000000000000000000000000000000000000>, C4<0>, C4<0>, C4<0>;
v0000023158dd11f0_0 .net/2u *"_ivl_10", 51 0, L_00000231591403a0;  1 drivers
v0000023158dd1830_0 .net *"_ivl_12", 63 0, L_0000023158dd29e0;  1 drivers
v0000023158dd1970_0 .net *"_ivl_14", 63 0, L_0000023158dd2c60;  1 drivers
v0000023158dd13d0_0 .net *"_ivl_16", 63 0, L_0000023158dd3020;  1 drivers
v0000023158dd16f0_0 .net *"_ivl_18", 63 0, L_0000023158d63310;  1 drivers
L_00000231591402c8 .functor BUFT 1, C4<11111111111>, C4<0>, C4<0>, C4<0>;
v0000023158dd1290_0 .net/2u *"_ivl_2", 10 0, L_00000231591402c8;  1 drivers
L_0000023159140310 .functor BUFT 1, C4<0000000000000000000000000000000000000000000000000000>, C4<0>, C4<0>, C4<0>;
v0000023158dd1790_0 .net/2u *"_ivl_4", 51 0, L_0000023159140310;  1 drivers
v0000023158dd1330_0 .net *"_ivl_6", 63 0, L_0000023158dd2940;  1 drivers
L_0000023159140358 .functor BUFT 1, C4<00000000000>, C4<0>, C4<0>, C4<0>;
v0000023158dd0610_0 .net/2u *"_ivl_8", 10 0, L_0000023159140358;  1 drivers
v0000023158dd1a10_0 .net "final_exponent_field", 10 0, L_0000023158dd32a0;  alias, 1 drivers
v0000023158dd0930_0 .net "final_mantissa_field", 51 0, L_0000023158dd2f80;  alias, 1 drivers
v0000023158dd0f70_0 .net "final_sign", 0 0, L_0000023158dd3e80;  alias, 1 drivers
v0000023158dd0b10_0 .net "fp_out", 63 0, L_0000023158d63cb0;  alias, 1 drivers
L_0000023159140430 .functor BUFT 1, C4<0>, C4<0>, C4<0>, C4<0>;
v0000023158dd1010_0 .net "is_inf_out", 0 0, L_0000023159140430;  1 drivers
L_00000231591403e8 .functor BUFT 1, C4<0>, C4<0>, C4<0>, C4<0>;
v0000023158dd18d0_0 .net "is_nan_out", 0 0, L_00000231591403e8;  1 drivers
v0000023158dd1150_0 .net "is_zero_out", 0 0, L_0000023158dd2b20;  alias, 1 drivers
L_0000023158dd2940 .concat [ 52 11 1 0], L_0000023159140310, L_00000231591402c8, L_0000023158dd3e80;
L_0000023158dd29e0 .concat [ 52 11 1 0], L_00000231591403a0, L_0000023159140358, L_0000023158dd3e80;
L_0000023158dd2c60 .concat [ 52 11 1 0], L_0000023158dd2f80, L_0000023158dd32a0, L_0000023158dd3e80;
L_0000023158dd3020 .functor MUXZ 64, L_0000023158dd2c60, L_0000023158dd29e0, L_0000023158dd2b20, C4<>;
S_0000023158d4c030 .scope module, "u_rounder" "fp_rounder" 3 62, 6 6 0, S_0000023158d52b10;
 .timescale 0 0;
    .port_info 0 /INPUT 53 "mant_in";
    .port_info 1 /INPUT 1 "g";
    .port_info 2 /INPUT 1 "r";
    .port_info 3 /INPUT 1 "s";
    .port_info 4 /OUTPUT 53 "mant_out";
    .port_info 5 /OUTPUT 1 "carry_out";
L_0000023158d64180 .functor OR 1, L_0000023158dd2260, L_0000023158dd3200, C4<0>, C4<0>;
L_0000023158d63540 .functor OR 1, L_0000023158d64180, L_0000023158dd3ac0, C4<0>, C4<0>;
L_0000023158d63850 .functor AND 1, L_0000023158dd2440, L_0000023158d63540, C4<1>, C4<1>;
v0000023158dd1470_0 .net *"_ivl_10", 53 0, L_0000023158dd3840;  1 drivers
v0000023158dd0250_0 .net *"_ivl_12", 53 0, L_0000023158dd2580;  1 drivers
L_0000023159140160 .functor BUFT 1, C4<00000000000000000000000000000000000000000000000000000>, C4<0>, C4<0>, C4<0>;
v0000023158dd1c90_0 .net *"_ivl_15", 52 0, L_0000023159140160;  1 drivers
v0000023158dd0070_0 .net *"_ivl_2", 0 0, L_0000023158d64180;  1 drivers
v0000023158dd0110_0 .net *"_ivl_4", 0 0, L_0000023158d63540;  1 drivers
L_0000023159140118 .functor BUFT 1, C4<0>, C4<0>, C4<0>, C4<0>;
v0000023158dd0430_0 .net/2u *"_ivl_8", 0 0, L_0000023159140118;  1 drivers
v0000023158dd02f0_0 .net "carry_out", 0 0, L_0000023158dd21c0;  alias, 1 drivers
v0000023158dd1d30_0 .net "g", 0 0, L_0000023158dd2440;  alias, 1 drivers
v0000023158dd0cf0_0 .net "lsb", 0 0, L_0000023158dd3ac0;  1 drivers
v0000023158dd0390_0 .net "mant_in", 52 0, L_0000023158dd3340;  alias, 1 drivers
v0000023158dd10b0_0 .net "mant_out", 52 0, L_0000023158dd2620;  alias, 1 drivers
v0000023158dd1510_0 .net "r", 0 0, L_0000023158dd2260;  alias, 1 drivers
v0000023158dd01b0_0 .net "round_decision", 0 0, L_0000023158d63850;  1 drivers
v0000023158dd1ab0_0 .net "rounded_result", 53 0, L_0000023158dd2d00;  1 drivers
v0000023158dd15b0_0 .net "s", 0 0, L_0000023158dd3200;  alias, 1 drivers
L_0000023158dd3ac0 .part L_0000023158dd3340, 0, 1;
L_0000023158dd3840 .concat [ 53 1 0 0], L_0000023158dd3340, L_0000023159140118;
L_0000023158dd2580 .concat [ 1 53 0 0], L_0000023158d63850, L_0000023159140160;
L_0000023158dd2d00 .arith/sum 54, L_0000023158dd3840, L_0000023158dd2580;
L_0000023158dd2620 .part L_0000023158dd2d00, 0, 53;
L_0000023158dd21c0 .part L_0000023158dd2d00, 53, 1;
    .scope S_0000023158d52ca0;
T_2 ;
    %wait E_0000023158d6e7d0;
    %load/vec4 v0000023158dd1bf0_0;
    %cmpi/e 0, 0, 64;
    %jmp/0xz  T_2.0, 4;
    %pushi/vec4 64, 0, 7;
    %store/vec4 v0000023158d6bb10_0, 0, 7;
    %jmp T_2.1;
T_2.0 ;
    %load/vec4 v0000023158dd1bf0_0;
    %parti/s 32, 32, 7;
    %cmpi/ne 0, 0, 32;
    %jmp/0xz  T_2.2, 4;
    %load/vec4 v0000023158dd1bf0_0;
    %parti/s 16, 48, 7;
    %pad/u 32;
    %cmpi/ne 0, 0, 32;
    %jmp/0xz  T_2.4, 4;
    %load/vec4 v0000023158dd1bf0_0;
    %parti/s 8, 56, 7;
    %pad/u 32;
    %cmpi/ne 0, 0, 32;
    %jmp/0xz  T_2.6, 4;
    %load/vec4 v0000023158dd1bf0_0;
    %parti/s 8, 56, 7;
    %store/vec4 v0000023158d6b610_0, 0, 8;
    %callf/vec4 TD_tb_int_to_fp.uut.u_lzc.lzc_8, S_0000023158d4db90;
    %pad/u 7;
    %store/vec4 v0000023158d6bb10_0, 0, 7;
    %jmp T_2.7;
T_2.6 ;
    %pushi/vec4 8, 0, 7;
    %load/vec4 v0000023158dd1bf0_0;
    %parti/s 8, 48, 7;
    %store/vec4 v0000023158d6b610_0, 0, 8;
    %callf/vec4 TD_tb_int_to_fp.uut.u_lzc.lzc_8, S_0000023158d4db90;
    %pad/u 7;
    %add;
    %store/vec4 v0000023158d6bb10_0, 0, 7;
T_2.7 ;
    %jmp T_2.5;
T_2.4 ;
    %load/vec4 v0000023158dd1bf0_0;
    %parti/s 8, 40, 7;
    %pad/u 32;
    %cmpi/ne 0, 0, 32;
    %jmp/0xz  T_2.8, 4;
    %pushi/vec4 16, 0, 7;
    %load/vec4 v0000023158dd1bf0_0;
    %parti/s 8, 40, 7;
    %store/vec4 v0000023158d6b610_0, 0, 8;
    %callf/vec4 TD_tb_int_to_fp.uut.u_lzc.lzc_8, S_0000023158d4db90;
    %pad/u 7;
    %add;
    %store/vec4 v0000023158d6bb10_0, 0, 7;
    %jmp T_2.9;
T_2.8 ;
    %pushi/vec4 24, 0, 7;
    %load/vec4 v0000023158dd1bf0_0;
    %parti/s 8, 32, 7;
    %store/vec4 v0000023158d6b610_0, 0, 8;
    %callf/vec4 TD_tb_int_to_fp.uut.u_lzc.lzc_8, S_0000023158d4db90;
    %pad/u 7;
    %add;
    %store/vec4 v0000023158d6bb10_0, 0, 7;
T_2.9 ;
T_2.5 ;
    %jmp T_2.3;
T_2.2 ;
    %load/vec4 v0000023158dd1bf0_0;
    %parti/s 16, 16, 6;
    %pad/u 32;
    %cmpi/ne 0, 0, 32;
    %jmp/0xz  T_2.10, 4;
    %load/vec4 v0000023158dd1bf0_0;
    %parti/s 8, 24, 6;
    %pad/u 32;
    %cmpi/ne 0, 0, 32;
    %jmp/0xz  T_2.12, 4;
    %pushi/vec4 32, 0, 7;
    %load/vec4 v0000023158dd1bf0_0;
    %parti/s 8, 24, 6;
    %store/vec4 v0000023158d6b610_0, 0, 8;
    %callf/vec4 TD_tb_int_to_fp.uut.u_lzc.lzc_8, S_0000023158d4db90;
    %pad/u 7;
    %add;
    %store/vec4 v0000023158d6bb10_0, 0, 7;
    %jmp T_2.13;
T_2.12 ;
    %pushi/vec4 40, 0, 7;
    %load/vec4 v0000023158dd1bf0_0;
    %parti/s 8, 16, 6;
    %store/vec4 v0000023158d6b610_0, 0, 8;
    %callf/vec4 TD_tb_int_to_fp.uut.u_lzc.lzc_8, S_0000023158d4db90;
    %pad/u 7;
    %add;
    %store/vec4 v0000023158d6bb10_0, 0, 7;
T_2.13 ;
    %jmp T_2.11;
T_2.10 ;
    %load/vec4 v0000023158dd1bf0_0;
    %parti/s 8, 8, 5;
    %pad/u 32;
    %cmpi/ne 0, 0, 32;
    %jmp/0xz  T_2.14, 4;
    %pushi/vec4 48, 0, 7;
    %load/vec4 v0000023158dd1bf0_0;
    %parti/s 8, 8, 5;
    %store/vec4 v0000023158d6b610_0, 0, 8;
    %callf/vec4 TD_tb_int_to_fp.uut.u_lzc.lzc_8, S_0000023158d4db90;
    %pad/u 7;
    %add;
    %store/vec4 v0000023158d6bb10_0, 0, 7;
    %jmp T_2.15;
T_2.14 ;
    %pushi/vec4 56, 0, 7;
    %load/vec4 v0000023158dd1bf0_0;
    %parti/s 8, 0, 2;
    %store/vec4 v0000023158d6b610_0, 0, 8;
    %callf/vec4 TD_tb_int_to_fp.uut.u_lzc.lzc_8, S_0000023158d4db90;
    %pad/u 7;
    %add;
    %store/vec4 v0000023158d6bb10_0, 0, 7;
T_2.15 ;
T_2.11 ;
T_2.3 ;
T_2.1 ;
    %jmp T_2;
    .thread T_2, $push;
    .scope S_0000023158d44dc0;
T_3 ;
    %delay 5000, 0;
    %load/vec4 v0000023158dd2a80_0;
    %inv;
    %store/vec4 v0000023158dd2a80_0, 0, 1;
    %jmp T_3;
    .thread T_3;
    .scope S_0000023158d44dc0;
T_4 ;
    %pushi/vec4 0, 0, 1;
    %store/vec4 v0000023158dd2a80_0, 0, 1;
    %pushi/vec4 0, 0, 64;
    %store/vec4 v0000023158dd3480_0, 0, 64;
    %vpi_call 2 56 "$dumpfile", "./vcd/tb_int_to_fp.vcd" {0 0 0};
    %vpi_call 2 57 "$dumpvars", 32'sb00000000000000000000000000000000, S_0000023158d44dc0 {0 0 0};
    %delay 20000, 0;
    %vpi_call 2 60 "$display", "================== Start Test int_to_fp ==================" {0 0 0};
    %vpi_call 2 61 "$display", "Rounding Mode: Round to Nearest, Ties to Even (Balanced)" {0 0 0};
    %pushi/vec4 0, 0, 64;
    %store/vec4 v0000023158d6b1b0_0, 0, 64;
    %pushi/vec4 0, 0, 64;
    %store/vec4 v0000023158d6b070_0, 0, 64;
    %pushi/vec4 0, 0, 32; draw_string_vec4
    %pushi/vec4 0, 0, 32; draw_string_vec4
    %concat/vec4; draw_string_vec4
    %pushi/vec4 0, 0, 32; draw_string_vec4
    %concat/vec4; draw_string_vec4
    %pushi/vec4 0, 0, 32; draw_string_vec4
    %concat/vec4; draw_string_vec4
    %pushi/vec4 0, 0, 32; draw_string_vec4
    %concat/vec4; draw_string_vec4
    %pushi/vec4 0, 0, 32; draw_string_vec4
    %concat/vec4; draw_string_vec4
    %pushi/vec4 0, 0, 32; draw_string_vec4
    %concat/vec4; draw_string_vec4
    %pushi/vec4 0, 0, 32; draw_string_vec4
    %concat/vec4; draw_string_vec4
    %pushi/vec4 0, 0, 32; draw_string_vec4
    %concat/vec4; draw_string_vec4
    %pushi/vec4 0, 0, 32; draw_string_vec4
    %concat/vec4; draw_string_vec4
    %pushi/vec4 0, 0, 32; draw_string_vec4
    %concat/vec4; draw_string_vec4
    %pushi/vec4 0, 0, 32; draw_string_vec4
    %concat/vec4; draw_string_vec4
    %pushi/vec4 0, 0, 32; draw_string_vec4
    %concat/vec4; draw_string_vec4
    %pushi/vec4 1415934836, 0, 32; draw_string_vec4
    %concat/vec4; draw_string_vec4
    %pushi/vec4 540097056, 0, 32; draw_string_vec4
    %concat/vec4; draw_string_vec4
    %pushi/vec4 1516597871, 0, 32; draw_string_vec4
    %concat/vec4; draw_string_vec4
    %store/vec4 v0000023158d6bc50_0, 0, 512;
    %fork TD_tb_int_to_fp.run_test, S_0000023158d39870;
    %join;
    %pushi/vec4 1, 0, 64;
    %store/vec4 v0000023158d6b1b0_0, 0, 64;
    %pushi/vec4 4290772992, 0, 34;
    %concati/vec4 0, 0, 30;
    %store/vec4 v0000023158d6b070_0, 0, 64;
    %pushi/vec4 0, 0, 32; draw_string_vec4
    %pushi/vec4 0, 0, 32; draw_string_vec4
    %concat/vec4; draw_string_vec4
    %pushi/vec4 0, 0, 32; draw_string_vec4
    %concat/vec4; draw_string_vec4
    %pushi/vec4 0, 0, 32; draw_string_vec4
    %concat/vec4; draw_string_vec4
    %pushi/vec4 0, 0, 32; draw_string_vec4
    %concat/vec4; draw_string_vec4
    %pushi/vec4 0, 0, 32; draw_string_vec4
    %concat/vec4; draw_string_vec4
    %pushi/vec4 0, 0, 32; draw_string_vec4
    %concat/vec4; draw_string_vec4
    %pushi/vec4 0, 0, 32; draw_string_vec4
    %concat/vec4; draw_string_vec4
    %pushi/vec4 0, 0, 32; draw_string_vec4
    %concat/vec4; draw_string_vec4
    %pushi/vec4 0, 0, 32; draw_string_vec4
    %concat/vec4; draw_string_vec4
    %pushi/vec4 0, 0, 32; draw_string_vec4
    %concat/vec4; draw_string_vec4
    %pushi/vec4 1415934836, 0, 32; draw_string_vec4
    %concat/vec4; draw_string_vec4
    %pushi/vec4 540162592, 0, 32; draw_string_vec4
    %concat/vec4; draw_string_vec4
    %pushi/vec4 1349481321, 0, 32; draw_string_vec4
    %concat/vec4; draw_string_vec4
    %pushi/vec4 1953068645, 0, 32; draw_string_vec4
    %concat/vec4; draw_string_vec4
    %pushi/vec4 542076517, 0, 32; draw_string_vec4
    %concat/vec4; draw_string_vec4
    %store/vec4 v0000023158d6bc50_0, 0, 512;
    %fork TD_tb_int_to_fp.run_test, S_0000023158d39870;
    %join;
    %pushi/vec4 4294967295, 0, 32;
    %concati/vec4 4294967295, 0, 32;
    %store/vec4 v0000023158d6b1b0_0, 0, 64;
    %pushi/vec4 3220176896, 0, 32;
    %concati/vec4 0, 0, 32;
    %store/vec4 v0000023158d6b070_0, 0, 64;
    %pushi/vec4 0, 0, 32; draw_string_vec4
    %pushi/vec4 0, 0, 32; draw_string_vec4
    %concat/vec4; draw_string_vec4
    %pushi/vec4 0, 0, 32; draw_string_vec4
    %concat/vec4; draw_string_vec4
    %pushi/vec4 0, 0, 32; draw_string_vec4
    %concat/vec4; draw_string_vec4
    %pushi/vec4 0, 0, 32; draw_string_vec4
    %concat/vec4; draw_string_vec4
    %pushi/vec4 0, 0, 32; draw_string_vec4
    %concat/vec4; draw_string_vec4
    %pushi/vec4 0, 0, 32; draw_string_vec4
    %concat/vec4; draw_string_vec4
    %pushi/vec4 0, 0, 32; draw_string_vec4
    %concat/vec4; draw_string_vec4
    %pushi/vec4 0, 0, 32; draw_string_vec4
    %concat/vec4; draw_string_vec4
    %pushi/vec4 0, 0, 32; draw_string_vec4
    %concat/vec4; draw_string_vec4
    %pushi/vec4 0, 0, 32; draw_string_vec4
    %concat/vec4; draw_string_vec4
    %pushi/vec4 1415934836, 0, 32; draw_string_vec4
    %concat/vec4; draw_string_vec4
    %pushi/vec4 540228128, 0, 32; draw_string_vec4
    %concat/vec4; draw_string_vec4
    %pushi/vec4 1315268449, 0, 32; draw_string_vec4
    %concat/vec4; draw_string_vec4
    %pushi/vec4 1953068645, 0, 32; draw_string_vec4
    %concat/vec4; draw_string_vec4
    %pushi/vec4 542076517, 0, 32; draw_string_vec4
    %concat/vec4; draw_string_vec4
    %store/vec4 v0000023158d6bc50_0, 0, 512;
    %fork TD_tb_int_to_fp.run_test, S_0000023158d39870;
    %join;
    %pushi/vec4 2147483648, 0, 43;
    %concati/vec4 0, 0, 21;
    %store/vec4 v0000023158d6b1b0_0, 0, 64;
    %pushi/vec4 2254438400, 0, 33;
    %concati/vec4 0, 0, 31;
    %store/vec4 v0000023158d6b070_0, 0, 64;
    %pushi/vec4 0, 0, 32; draw_string_vec4
    %pushi/vec4 0, 0, 32; draw_string_vec4
    %concat/vec4; draw_string_vec4
    %pushi/vec4 0, 0, 32; draw_string_vec4
    %concat/vec4; draw_string_vec4
    %pushi/vec4 0, 0, 32; draw_string_vec4
    %concat/vec4; draw_string_vec4
    %pushi/vec4 0, 0, 32; draw_string_vec4
    %concat/vec4; draw_string_vec4
    %pushi/vec4 0, 0, 32; draw_string_vec4
    %concat/vec4; draw_string_vec4
    %pushi/vec4 84, 0, 32; draw_string_vec4
    %concat/vec4; draw_string_vec4
    %pushi/vec4 1702065184, 0, 32; draw_string_vec4
    %concat/vec4; draw_string_vec4
    %pushi/vec4 876224588, 0, 32; draw_string_vec4
    %concat/vec4; draw_string_vec4
    %pushi/vec4 1634887525, 0, 32; draw_string_vec4
    %concat/vec4; draw_string_vec4
    %pushi/vec4 541423713, 0, 32; draw_string_vec4
    %concat/vec4; draw_string_vec4
    %pushi/vec4 1668554832, 0, 32; draw_string_vec4
    %concat/vec4; draw_string_vec4
    %pushi/vec4 1870095730, 0, 32; draw_string_vec4
    %concat/vec4; draw_string_vec4
    %pushi/vec4 544171552, 0, 32; draw_string_vec4
    %concat/vec4; draw_string_vec4
    %pushi/vec4 840968242, 0, 32; draw_string_vec4
    %concat/vec4; draw_string_vec4
    %pushi/vec4 1580544553, 0, 32; draw_string_vec4
    %concat/vec4; draw_string_vec4
    %store/vec4 v0000023158d6bc50_0, 0, 512;
    %fork TD_tb_int_to_fp.run_test, S_0000023158d39870;
    %join;
    %pushi/vec4 4294967295, 0, 32;
    %concati/vec4 4294967291, 0, 32;
    %store/vec4 v0000023158d6b1b0_0, 0, 64;
    %pushi/vec4 3222536192, 0, 32;
    %concati/vec4 0, 0, 32;
    %store/vec4 v0000023158d6b070_0, 0, 64;
    %pushi/vec4 0, 0, 32; draw_string_vec4
    %pushi/vec4 0, 0, 32; draw_string_vec4
    %concat/vec4; draw_string_vec4
    %pushi/vec4 0, 0, 32; draw_string_vec4
    %concat/vec4; draw_string_vec4
    %pushi/vec4 0, 0, 32; draw_string_vec4
    %concat/vec4; draw_string_vec4
    %pushi/vec4 0, 0, 32; draw_string_vec4
    %concat/vec4; draw_string_vec4
    %pushi/vec4 0, 0, 32; draw_string_vec4
    %concat/vec4; draw_string_vec4
    %pushi/vec4 0, 0, 32; draw_string_vec4
    %concat/vec4; draw_string_vec4
    %pushi/vec4 5530995, 0, 32; draw_string_vec4
    %concat/vec4; draw_string_vec4
    %pushi/vec4 1948267834, 0, 32; draw_string_vec4
    %concat/vec4; draw_string_vec4
    %pushi/vec4 542338401, 0, 32; draw_string_vec4
    %concat/vec4; draw_string_vec4
    %pushi/vec4 1819025486, 0, 32; draw_string_vec4
    %concat/vec4; draw_string_vec4
    %pushi/vec4 1701273972, 0, 32; draw_string_vec4
    %concat/vec4; draw_string_vec4
    %pushi/vec4 1769366816, 0, 32; draw_string_vec4
    %concat/vec4; draw_string_vec4
    %pushi/vec4 1231975525, 0, 32; draw_string_vec4
    %concat/vec4; draw_string_vec4
    %pushi/vec4 1734701600, 0, 32; draw_string_vec4
    %concat/vec4; draw_string_vec4
    %pushi/vec4 674051369, 0, 32; draw_string_vec4
    %concat/vec4; draw_string_vec4
    %store/vec4 v0000023158d6bc50_0, 0, 512;
    %fork TD_tb_int_to_fp.run_test, S_0000023158d39870;
    %join;
    %pushi/vec4 2147483648, 0, 32;
    %concati/vec4 0, 0, 32;
    %store/vec4 v0000023158d6b1b0_0, 0, 64;
    %pushi/vec4 3286237184, 0, 32;
    %concati/vec4 0, 0, 32;
    %store/vec4 v0000023158d6b070_0, 0, 64;
    %pushi/vec4 0, 0, 32; draw_string_vec4
    %pushi/vec4 0, 0, 32; draw_string_vec4
    %concat/vec4; draw_string_vec4
    %pushi/vec4 0, 0, 32; draw_string_vec4
    %concat/vec4; draw_string_vec4
    %pushi/vec4 0, 0, 32; draw_string_vec4
    %concat/vec4; draw_string_vec4
    %pushi/vec4 0, 0, 32; draw_string_vec4
    %concat/vec4; draw_string_vec4
    %pushi/vec4 0, 0, 32; draw_string_vec4
    %concat/vec4; draw_string_vec4
    %pushi/vec4 0, 0, 32; draw_string_vec4
    %concat/vec4; draw_string_vec4
    %pushi/vec4 0, 0, 32; draw_string_vec4
    %concat/vec4; draw_string_vec4
    %pushi/vec4 0, 0, 32; draw_string_vec4
    %concat/vec4; draw_string_vec4
    %pushi/vec4 84, 0, 32; draw_string_vec4
    %concat/vec4; draw_string_vec4
    %pushi/vec4 1702065184, 0, 32; draw_string_vec4
    %concat/vec4; draw_string_vec4
    %pushi/vec4 909779017, 0, 32; draw_string_vec4
    %concat/vec4; draw_string_vec4
    %pushi/vec4 1853109812, 0, 32; draw_string_vec4
    %concat/vec4; draw_string_vec4
    %pushi/vec4 541944174, 0, 32; draw_string_vec4
    %concat/vec4; draw_string_vec4
    %pushi/vec4 539503922, 0, 32; draw_string_vec4
    %concat/vec4; draw_string_vec4
    %pushi/vec4 1580610345, 0, 32; draw_string_vec4
    %concat/vec4; draw_string_vec4
    %store/vec4 v0000023158d6bc50_0, 0, 512;
    %fork TD_tb_int_to_fp.run_test, S_0000023158d39870;
    %join;
    %pushi/vec4 4294967295, 0, 33;
    %concati/vec4 2147483647, 0, 31;
    %store/vec4 v0000023158d6b1b0_0, 0, 64;
    %pushi/vec4 2277507072, 0, 33;
    %concati/vec4 0, 0, 31;
    %store/vec4 v0000023158d6b070_0, 0, 64;
    %pushi/vec4 0, 0, 32; draw_string_vec4
    %pushi/vec4 0, 0, 32; draw_string_vec4
    %concat/vec4; draw_string_vec4
    %pushi/vec4 0, 0, 32; draw_string_vec4
    %concat/vec4; draw_string_vec4
    %pushi/vec4 0, 0, 32; draw_string_vec4
    %concat/vec4; draw_string_vec4
    %pushi/vec4 0, 0, 32; draw_string_vec4
    %concat/vec4; draw_string_vec4
    %pushi/vec4 0, 0, 32; draw_string_vec4
    %concat/vec4; draw_string_vec4
    %pushi/vec4 84, 0, 32; draw_string_vec4
    %concat/vec4; draw_string_vec4
    %pushi/vec4 1702065184, 0, 32; draw_string_vec4
    %concat/vec4; draw_string_vec4
    %pushi/vec4 926556233, 0, 32; draw_string_vec4
    %concat/vec4; draw_string_vec4
    %pushi/vec4 1853109812, 0, 32; draw_string_vec4
    %concat/vec4; draw_string_vec4
    %pushi/vec4 541942136, 0, 32; draw_string_vec4
    %concat/vec4; draw_string_vec4
    %pushi/vec4 539513455, 0, 32; draw_string_vec4
    %concat/vec4; draw_string_vec4
    %pushi/vec4 1970168947, 0, 32; draw_string_vec4
    %concat/vec4; draw_string_vec4
    %pushi/vec4 544567328, 0, 32; draw_string_vec4
    %concat/vec4; draw_string_vec4
    %pushi/vec4 1953439794, 0, 32; draw_string_vec4
    %concat/vec4; draw_string_vec4
    %pushi/vec4 1580610345, 0, 32; draw_string_vec4
    %concat/vec4; draw_string_vec4
    %store/vec4 v0000023158d6bc50_0, 0, 512;
    %fork TD_tb_int_to_fp.run_test, S_0000023158d39870;
    %join;
    %pushi/vec4 2147483648, 0, 42;
    %concati/vec4 1, 0, 22;
    %store/vec4 v0000023158d6b1b0_0, 0, 64;
    %pushi/vec4 2256535552, 0, 33;
    %concati/vec4 0, 0, 31;
    %store/vec4 v0000023158d6b070_0, 0, 64;
    %pushi/vec4 0, 0, 32; draw_string_vec4
    %pushi/vec4 0, 0, 32; draw_string_vec4
    %concat/vec4; draw_string_vec4
    %pushi/vec4 0, 0, 32; draw_string_vec4
    %concat/vec4; draw_string_vec4
    %pushi/vec4 0, 0, 32; draw_string_vec4
    %concat/vec4; draw_string_vec4
    %pushi/vec4 0, 0, 32; draw_string_vec4
    %concat/vec4; draw_string_vec4
    %pushi/vec4 84, 0, 32; draw_string_vec4
    %concat/vec4; draw_string_vec4
    %pushi/vec4 1702065184, 0, 32; draw_string_vec4
    %concat/vec4; draw_string_vec4
    %pushi/vec4 943333460, 0, 32; draw_string_vec4
    %concat/vec4; draw_string_vec4
    %pushi/vec4 1768235124, 0, 32; draw_string_vec4
    %concat/vec4; draw_string_vec4
    %pushi/vec4 1864385910, 0, 32; draw_string_vec4
    %concat/vec4; draw_string_vec4
    %pushi/vec4 1701716008, 0, 32; draw_string_vec4
    %concat/vec4; draw_string_vec4
    %pushi/vec4 1383036270, 0, 32; draw_string_vec4
    %concat/vec4; draw_string_vec4
    %pushi/vec4 1679836271, 0, 32; draw_string_vec4
    %concat/vec4; draw_string_vec4
    %pushi/vec4 2003709780, 0, 32; draw_string_vec4
    %concat/vec4; draw_string_vec4
    %pushi/vec4 1920298595, 0, 32; draw_string_vec4
    %concat/vec4; draw_string_vec4
    %pushi/vec4 1635018025, 0, 32; draw_string_vec4
    %concat/vec4; draw_string_vec4
    %store/vec4 v0000023158d6bc50_0, 0, 512;
    %fork TD_tb_int_to_fp.run_test, S_0000023158d39870;
    %join;
    %pushi/vec4 2147483648, 0, 42;
    %concati/vec4 3, 0, 22;
    %store/vec4 v0000023158d6b1b0_0, 0, 64;
    %pushi/vec4 2256535552, 0, 33;
    %concati/vec4 2, 0, 31;
    %store/vec4 v0000023158d6b070_0, 0, 64;
    %pushi/vec4 0, 0, 32; draw_string_vec4
    %pushi/vec4 0, 0, 32; draw_string_vec4
    %concat/vec4; draw_string_vec4
    %pushi/vec4 0, 0, 32; draw_string_vec4
    %concat/vec4; draw_string_vec4
    %pushi/vec4 0, 0, 32; draw_string_vec4
    %concat/vec4; draw_string_vec4
    %pushi/vec4 0, 0, 32; draw_string_vec4
    %concat/vec4; draw_string_vec4
    %pushi/vec4 0, 0, 32; draw_string_vec4
    %concat/vec4; draw_string_vec4
    %pushi/vec4 1415934836, 0, 32; draw_string_vec4
    %concat/vec4; draw_string_vec4
    %pushi/vec4 540621344, 0, 32; draw_string_vec4
    %concat/vec4; draw_string_vec4
    %pushi/vec4 1416193312, 0, 32; draw_string_vec4
    %concat/vec4; draw_string_vec4
    %pushi/vec4 1953439813, 0, 32; draw_string_vec4
    %concat/vec4; draw_string_vec4
    %pushi/vec4 1986358816, 0, 32; draw_string_vec4
    %concat/vec4; draw_string_vec4
    %pushi/vec4 676491125, 0, 32; draw_string_vec4
    %concat/vec4; draw_string_vec4
    %pushi/vec4 1852055637, 0, 32; draw_string_vec4
    %concat/vec4; draw_string_vec4
    %pushi/vec4 1882147182, 0, 32; draw_string_vec4
    %concat/vec4; draw_string_vec4
    %pushi/vec4 1668441453, 0, 32; draw_string_vec4
    %concat/vec4; draw_string_vec4
    %pushi/vec4 1701737513, 0, 32; draw_string_vec4
    %concat/vec4; draw_string_vec4
    %store/vec4 v0000023158d6bc50_0, 0, 512;
    %fork TD_tb_int_to_fp.run_test, S_0000023158d39870;
    %join;
    %pushi/vec4 2147483648, 0, 41;
    %concati/vec4 3, 0, 23;
    %store/vec4 v0000023158d6b1b0_0, 0, 64;
    %pushi/vec4 2258632704, 0, 33;
    %concati/vec4 1, 0, 31;
    %store/vec4 v0000023158d6b070_0, 0, 64;
    %pushi/vec4 0, 0, 32; draw_string_vec4
    %pushi/vec4 0, 0, 32; draw_string_vec4
    %concat/vec4; draw_string_vec4
    %pushi/vec4 0, 0, 32; draw_string_vec4
    %concat/vec4; draw_string_vec4
    %pushi/vec4 0, 0, 32; draw_string_vec4
    %concat/vec4; draw_string_vec4
    %pushi/vec4 0, 0, 32; draw_string_vec4
    %concat/vec4; draw_string_vec4
    %pushi/vec4 0, 0, 32; draw_string_vec4
    %concat/vec4; draw_string_vec4
    %pushi/vec4 0, 0, 32; draw_string_vec4
    %concat/vec4; draw_string_vec4
    %pushi/vec4 21605, 0, 32; draw_string_vec4
    %concat/vec4; draw_string_vec4
    %pushi/vec4 1936990257, 0, 32; draw_string_vec4
    %concat/vec4; draw_string_vec4
    %pushi/vec4 809115730, 0, 32; draw_string_vec4
    %concat/vec4; draw_string_vec4
    %pushi/vec4 1869966948, 0, 32; draw_string_vec4
    %concat/vec4; draw_string_vec4
    %pushi/vec4 542470176, 0, 32; draw_string_vec4
    %concat/vec4; draw_string_vec4
    %pushi/vec4 675705441, 0, 32; draw_string_vec4
    %concat/vec4; draw_string_vec4
    %pushi/vec4 1668573551, 0, 32; draw_string_vec4
    %concat/vec4; draw_string_vec4
    %pushi/vec4 1847606816, 0, 32; draw_string_vec4
    %concat/vec4; draw_string_vec4
    %pushi/vec4 808334633, 0, 32; draw_string_vec4
    %concat/vec4; draw_string_vec4
    %store/vec4 v0000023158d6bc50_0, 0, 512;
    %fork TD_tb_int_to_fp.run_test, S_0000023158d39870;
    %join;
    %vpi_call 2 161 "$display", "================== Stop Test int_to_fp ==================" {0 0 0};
    %delay 20000, 0;
    %vpi_call 2 163 "$finish" {0 0 0};
    %end;
    .thread T_4;
# The file index is used to find the file name in the following table.
:file_names 7;
    "N/A";
    "<interactive>";
    ".\tb\tb_int_to_fp.v";
    ".\src\int_to_fp.v";
    ".\src\common\lzc_64.v";
    ".\src\common\fp_recomposer.v";
    ".\src\common\fp_rounder.v";
